INFO    2016-11-23 14:57:01,300 [main] MadridImageUploadUtility.UtilityManager  - Initializing Utility...........................................!!!!!
DEBUG   2016-11-23 14:57:01,301 [main] MadridImageUploadUtility.UtilityManager  - ################################################
DEBUG   2016-11-23 14:57:01,301 [main] MadridImageUploadUtility.UtilityManager  - =================================================
DEBUG   2016-11-23 14:57:01,301 [main] MadridImageUploadUtility.UtilityManager  - LOG4JCONFIGFILE:::log4j.properties
DEBUG   2016-11-23 14:57:01,302 [main] MadridImageUploadUtility.UtilityConfiguration  - loading configuration.....
DEBUG   2016-11-23 14:57:01,322 [main] MadridImageUploadUtility.UtilityConfiguration  - IIOP PORT:::3700
DEBUG   2016-11-23 14:57:01,322 [main] MadridImageUploadUtility.UtilityConfiguration  - iiopHost:::localhost
DEBUG   2016-11-23 14:57:01,322 [main] MadridImageUploadUtility.UtilityConfiguration  - databaseHost:::localhost
DEBUG   2016-11-23 14:57:01,322 [main] MadridImageUploadUtility.UtilityConfiguration  - databasePort:::1521
DEBUG   2016-11-23 14:57:01,322 [main] MadridImageUploadUtility.UtilityConfiguration  - databaseTool:::oracle
DEBUG   2016-11-23 14:57:01,322 [main] MadridImageUploadUtility.UtilityConfiguration  - databaseName:::IPASMAD270
DEBUG   2016-11-23 14:57:01,322 [main] MadridImageUploadUtility.UtilityConfiguration  - userName:::IPASMAD270
DEBUG   2016-11-23 14:57:01,322 [main] MadridImageUploadUtility.UtilityConfiguration  - madridXMLFolder:::D://IPASS_BUILD//madridXml
DEBUG   2016-11-23 14:57:01,322 [main] MadridImageUploadUtility.UtilityConfiguration  - madridImageFolder:::D://IPASS_BUILD//madridXml//images
DEBUG   2016-11-23 14:57:01,322 [main] MadridImageUploadUtility.UtilityConfiguration  - fileType:::A
DEBUG   2016-11-23 14:57:01,325 [main] MadridImageUploadUtility.UtilityManager  - Obtaining Database Connection....
INFO    2016-11-23 14:57:01,326 [main] MadridImageUploadUtility.DBdataFetcher  - Database Type is Oracle....
INFO    2016-11-23 14:57:01,597 [main] MadridImageUploadUtility.UtilityManager  - Initializing Completed...............................................!!!!!!
DEBUG   2016-11-23 14:57:01,597 [main] MadridImageUploadUtility.UtilityManager  - =================================================
DEBUG   2016-11-23 14:57:01,597 [main] MadridImageUploadUtility.UtilityManager  - ################################################
DEBUG   2016-11-23 14:57:01,732 [main] MadridImageUploadUtility.UtilityManager  - ===========================================
DEBUG   2016-11-23 14:57:01,807 [main] MadridImageUploadUtility.UtilityManager  - ===========================================
DEBUG   2016-11-23 14:57:01,852 [main] MadridImageUploadUtility.UtilityManager  - ===========================================
DEBUG   2016-11-23 14:57:01,869 [main] MadridImageUploadUtility.UtilityManager  - ===========================================
DEBUG   2016-11-23 14:57:01,889 [main] MadridImageUploadUtility.UtilityManager  - ===========================================
DEBUG   2016-11-23 14:57:01,889 [main] MadridImageUploadUtility.UtilityManager  - ###############################
DEBUG   2016-11-23 14:57:01,889 [main] MadridImageUploadUtility.UtilityManager  - Final Intregen Map to be processed::{1197827=N, 1199432=N, 1199560=N, 1196482=Y, 1253575=N, 1253802=N, 1175736=N, 1201262=N, 1198104=Y, 0874009=N, 1199661=N, 1199669=Y, 1200324=N, 1199970=N, 1158170=Y, 1200144=N, 1254047=N, 1201132=N, 1200819=N, 0647429=N, 1254236=N, 1203460=N, 1048515=Y, 0633781=N, 0171595=N, 0920610=N, 1201084=N, 1199033=N, 1201082=N, 1201065=N, 1200998=N, 0816228=N, 1062202=Y, 1200896=N, 0676726=N, 1254448=N, 1199247=N, 0888376=Y, 1199911=Y, 1200097=N, 1194843=N, 1199491=N, 1194743=N, 0814768=N, 0563651=N, 1205881=N, 1199499=Y, 1254151=Y, 1194940=N, 1199498=N, 1253899=N, 1198492=N, 1156080=Y, 1203552=N, 1199995=N, 1200348=N, 1199544=N, 1200887=N, 1199328=N, 1177330=N, 1201155=Y, 1201254=N, 1198486=N, 1198070=N, 1021910=N, 1254166=N, 1149716=N, 1199428=N, 1254258=N, 0832986=N, 1198672=Y, 1202488=N, 1201044=Y, 0789395=N, 1200409=N, 0453539=N, 1054015=N, 0824107=N, 0697541=N, 1200337=N, 0604810=N, 1198083=N, 0685941=N, 1046219=N, 1198893=N, 1198008=N, 1197969=N, 1254206=Y, 1254346=N, 1198370=N, 1004972=N, 1218042=N, 1215731=N, 1186532=N, 0815866=N, 1254277=N, 1254278=N, 1198601=N, 1200036=N, 1198816=N, 1075225=Y, 0890222=N, 1198509=N, 1198467=N, 1114036=Y, 1114037=Y, 1198154=N, 1199746=N, 1254281=Y, 1199744=N, 0589087=N, 1198417=N, 1197789=N, 1198787=N, 1198414=N, 0492223=N, 1254080=N, 1198616=Y, 1025318=N, 1200255=N, 1199280=N, 1199611=Y, 1199356=N, 1199357=N, 1201208=N, 1201180=Y, 1124476=N, 1199618=N, 1200586=N, 1254293=N, 1198428=N, 0893427=Y, 1201203=N, 1201186=N, 1199808=N, 1200449=Y, 1200840=N, 1254190=Y, 1199955=N, 1199500=N, 1039406=Y, 1062325=Y, 1199779=N, 1159878=Y, 1062326=Y, 0785924=N, 1027618=N, 1200161=N, 1254317=Y, 1199762=N, 1197834=N, 1200574=N, 1254217=N, 1200635=Y, 1199460=N, 1138116=Y, 1232489=N, 1166386=N}; length::158
DEBUG   2016-11-23 14:57:01,889 [main] MadridImageUploadUtility.UtilityManager  - ###############################
DEBUG   2016-11-23 14:57:02,121 [main] MadridImageUploadUtility.UtilityManager  - ##########################
DEBUG   2016-11-23 14:57:02,121 [main] MadridImageUploadUtility.UtilityManager  - ##########################
DEBUG   2016-11-23 14:57:02,121 [main] MadridImageUploadUtility.UtilityManager  - Intregn  are not present in database for following FILE::
DEBUG   2016-11-23 14:57:02,121 [main] MadridImageUploadUtility.UtilityManager  - [1197827, 1199432, 1199560, 1196482, 1253575, 1253802, 1175736, 1201262, 1198104, 0874009, 1199661, 1199669, 1200324, 1199970, 1158170, 1200144, 1254047, 1201132, 1200819, 0647429, 1254236, 1203460, 1048515, 0633781, 0171595, 0920610, 1201084, 1199033, 1201082, 1201065, 1200998, 0816228, 1062202, 1200896, 0676726, 1254448, 1199247, 0888376, 1199911, 1200097, 1194843, 1199491, 1194743, 0814768, 0563651, 1205881, 1199499, 1254151, 1194940, 1199498, 1253899, 1198492, 1156080, 1203552, 1199995, 1200348, 1199544, 1200887, 1199328, 1177330, 1201155, 1201254, 1198486, 1198070, 1021910, 1254166, 1149716, 1199428, 1254258, 0832986, 1198672, 1202488, 1201044, 0789395, 1200409, 0453539, 1054015, 0824107, 0697541, 1200337, 0604810, 1198083, 0685941, 1046219, 1198893, 1198008, 1197969, 1254206, 1254346, 1198370, 1004972, 1218042, 1215731, 1186532, 0815866, 1254277, 1254278, 1198601, 1200036, 1198816, 1075225, 0890222, 1198509, 1198467, 1114036, 1114037, 1198154, 1199746, 1254281, 1199744, 0589087, 1198417, 1197789, 1198787, 1198414, 0492223, 1254080, 1198616, 1025318, 1200255, 1199280, 1199611, 1199356, 1199357, 1201208, 1201180, 1124476, 1199618, 1200586, 1254293, 1198428, 0893427, 1201203, 1201186, 1199808, 1200449, 1200840, 1254190, 1199955, 1199500, 1039406, 1062325, 1199779, 1159878, 1062326, 0785924, 1027618, 1200161, 1254317, 1199762, 1197834, 1200574, 1254217, 1200635, 1199460, 1138116, 1232489, 1166386]
DEBUG   2016-11-23 14:57:02,121 [main] MadridImageUploadUtility.UtilityManager  - ##########################
DEBUG   2016-11-23 14:57:02,121 [main] MadridImageUploadUtility.UtilityManager  - Processing Completed!!!
DEBUG   2016-11-23 14:57:02,121 [main] MadridImageUploadUtility.UtilityManager  - Please check processed details in log file generated in MadridImageUploadUtility folder
DEBUG   2016-11-23 14:57:02,121 [main] MadridImageUploadUtility.UtilityManager  - Closing database connection..........!!
DEBUG   2016-11-23 14:57:02,122 [main] MadridImageUploadUtility.UtilityManager  - Database connection closed..........!!
INFO    2016-11-23 14:57:02,122 [main] MadridImageUploadUtility.UtilityManager  - Processing Completed.......................!!!
INFO    2016-11-23 14:57:02,122 [main] MadridImageUploadUtility.UtilityManager  - =================================================
INFO    2016-11-23 14:57:02,122 [main] MadridImageUploadUtility.UtilityManager  - Please check processed details in log file generated in log folder
INFO    2016-11-23 14:57:02,123 [main] MadridImageUploadUtility.UtilityManager  - ********************************************************
