INFO    2016-11-24 10:56:37,054 [main] MadridImageUploadUtility.UtilityManager  - Initializing Utility...........................................!!!!!
DEBUG   2016-11-24 10:56:37,055 [main] MadridImageUploadUtility.UtilityManager  - ################################################
DEBUG   2016-11-24 10:56:37,055 [main] MadridImageUploadUtility.UtilityManager  - =================================================
DEBUG   2016-11-24 10:56:37,055 [main] MadridImageUploadUtility.UtilityManager  - LOG4JCONFIGFILE:::log4j.properties
DEBUG   2016-11-24 10:56:37,137 [main] MadridImageUploadUtility.UtilityConfiguration  - loading configuration.....
DEBUG   2016-11-24 10:56:37,152 [main] MadridImageUploadUtility.UtilityConfiguration  - IIOP PORT:::3700
DEBUG   2016-11-24 10:56:37,152 [main] MadridImageUploadUtility.UtilityConfiguration  - iiopHost:::localhost
DEBUG   2016-11-24 10:56:37,152 [main] MadridImageUploadUtility.UtilityConfiguration  - databaseHost:::localhost
DEBUG   2016-11-24 10:56:37,153 [main] MadridImageUploadUtility.UtilityConfiguration  - databasePort:::1521
DEBUG   2016-11-24 10:56:37,153 [main] MadridImageUploadUtility.UtilityConfiguration  - databaseTool:::oracle
DEBUG   2016-11-24 10:56:37,153 [main] MadridImageUploadUtility.UtilityConfiguration  - databaseName:::IPASMAD270
DEBUG   2016-11-24 10:56:37,153 [main] MadridImageUploadUtility.UtilityConfiguration  - userName:::IPASMAD270
DEBUG   2016-11-24 10:56:37,153 [main] MadridImageUploadUtility.UtilityConfiguration  - madridXMLFolder:::D://IPASS_BUILD//madridXml
DEBUG   2016-11-24 10:56:37,153 [main] MadridImageUploadUtility.UtilityConfiguration  - madridImageFolder:::D://IPASS_BUILD//madridXml//images
DEBUG   2016-11-24 10:56:37,153 [main] MadridImageUploadUtility.UtilityConfiguration  - fileType:::A
DEBUG   2016-11-24 10:56:42,597 [main] MadridImageUploadUtility.UtilityManager  - Obtaining Database Connection....
INFO    2016-11-24 10:56:42,608 [main] MadridImageUploadUtility.DBdataFetcher  - Database Type is Oracle....
INFO    2016-11-24 10:56:44,111 [main] MadridImageUploadUtility.UtilityManager  - Initializing Completed...............................................!!!!!!
DEBUG   2016-11-24 10:56:44,112 [main] MadridImageUploadUtility.UtilityManager  - ################################################
DEBUG   2016-11-24 10:56:44,927 [main] MadridImageUploadUtility.UtilityManager  - ###############################
DEBUG   2016-11-24 10:56:44,928 [main] MadridImageUploadUtility.UtilityManager  - Final Intregen Map to be processed::{1197827=N, 1199432=N, 1199560=N, 1196482=Y, 1253575=N, 1253802=N, 1175736=N, 1201262=N, 1198104=Y, 0874009=N, 1199661=N, 1199669=Y, 1200324=N, 1199970=N, 1158170=Y, 1200144=N, 1254047=N, 1201132=N, 1200819=N, 0647429=N, 1254236=N, 1203460=N, 1048515=Y, 0633781=N, 0171595=N, 0920610=N, 1201084=N, 1199033=N, 1201082=N, 1201065=N, 1200998=N, 0816228=N, 1062202=Y, 1200896=N, 0676726=N, 1254448=N, 1199247=N, 0888376=Y, 1199911=Y, 1200097=N, 1194843=N, 1199491=N, 1194743=N, 0814768=N, 0563651=N, 1205881=N, 1199499=Y, 1254151=Y, 1194940=N, 1199498=N, 1253899=N, 1198492=N, 1156080=Y, 1203552=N, 1199995=N, 1200348=N, 1199544=N, 1200887=N, 1199328=N, 1177330=N, 1201155=Y, 1201254=N, 1198486=N, 1198070=N, 1021910=N, 1254166=N, 1149716=N, 1199428=N, 1254258=N, 0832986=N, 1198672=Y, 1202488=N, 1201044=Y, 0789395=N, 1200409=N, 0453539=N, 1054015=N, 0824107=N, 0697541=N, 1200337=N, 0604810=N, 1198083=N, 0685941=N, 1046219=N, 1198893=N, 1198008=N, 1197969=N, 1254206=Y, 1254346=N, 1198370=N, 1004972=N, 1218042=N, 1215731=N, 1186532=N, 0815866=N, 1254277=N, 1254278=N, 1198601=N, 1200036=N, 1198816=N, 1075225=Y, 0890222=N, 1198509=N, 1198467=N, 1114036=Y, 1114037=Y, 1198154=N, 1199746=N, 1254281=Y, 1199744=N, 0589087=N, 1198417=N, 1197789=N, 1198787=N, 1198414=N, 0492223=N, 1254080=N, 1198616=Y, 1025318=N, 1200255=N, 1199280=N, 1199611=Y, 1199356=N, 1199357=N, 1201208=N, 1201180=Y, 1124476=N, 1199618=N, 1200586=N, 1254293=N, 1198428=N, 0893427=Y, 1201203=N, 1201186=N, 1199808=N, 1200449=Y, 1200840=N, 1254190=Y, 1199955=N, 1199500=N, 1039406=Y, 1062325=Y, 1199779=N, 1159878=Y, 1062326=Y, 0785924=N, 1027618=N, 1200161=N, 1254317=Y, 1199762=N, 1197834=N, 1200574=N, 1254217=N, 1200635=Y, 1199460=N, 1138116=Y, 1232489=N, 1166386=N}; length::158
DEBUG   2016-11-24 10:56:44,928 [main] MadridImageUploadUtility.UtilityManager  - ###############################
DEBUG   2016-11-24 10:56:58,907 [main] MadridImageUploadUtility.UtilityManager  - -----------------------------------------
DEBUG   2016-11-24 10:56:59,097 [main] MadridImageUploadUtility.UtilityManager  - -----------------------------------------
DEBUG   2016-11-24 10:56:59,151 [main] MadridImageUploadUtility.UtilityManager  - -----------------------------------------
DEBUG   2016-11-24 10:56:59,200 [main] MadridImageUploadUtility.UtilityManager  - -----------------------------------------
DEBUG   2016-11-24 10:56:59,249 [main] MadridImageUploadUtility.UtilityManager  - -----------------------------------------
DEBUG   2016-11-24 10:56:59,298 [main] MadridImageUploadUtility.UtilityManager  - -----------------------------------------
DEBUG   2016-11-24 10:56:59,349 [main] MadridImageUploadUtility.UtilityManager  - -----------------------------------------
DEBUG   2016-11-24 10:56:59,758 [main] MadridImageUploadUtility.UtilityManager  - -----------------------------------------
DEBUG   2016-11-24 10:57:00,047 [main] MadridImageUploadUtility.UtilityManager  - -----------------------------------------
DEBUG   2016-11-24 10:57:00,679 [main] MadridImageUploadUtility.UtilityManager  - -----------------------------------------
DEBUG   2016-11-24 10:57:00,724 [main] MadridImageUploadUtility.UtilityManager  - -----------------------------------------
DEBUG   2016-11-24 10:57:01,065 [main] MadridImageUploadUtility.UtilityManager  - -----------------------------------------
DEBUG   2016-11-24 10:57:01,185 [main] MadridImageUploadUtility.UtilityManager  - -----------------------------------------
DEBUG   2016-11-24 10:57:01,239 [main] MadridImageUploadUtility.UtilityManager  - -----------------------------------------
DEBUG   2016-11-24 10:57:01,328 [main] MadridImageUploadUtility.UtilityManager  - -----------------------------------------
DEBUG   2016-11-24 10:57:01,959 [main] MadridImageUploadUtility.UtilityManager  - -----------------------------------------
DEBUG   2016-11-24 10:57:02,062 [main] MadridImageUploadUtility.UtilityManager  - -----------------------------------------
DEBUG   2016-11-24 10:57:02,198 [main] MadridImageUploadUtility.UtilityManager  - -----------------------------------------
DEBUG   2016-11-24 10:57:02,334 [main] MadridImageUploadUtility.UtilityManager  - -----------------------------------------
DEBUG   2016-11-24 10:57:02,576 [main] MadridImageUploadUtility.UtilityManager  - -----------------------------------------
DEBUG   2016-11-24 10:57:02,906 [main] MadridImageUploadUtility.UtilityManager  - -----------------------------------------
DEBUG   2016-11-24 10:57:02,946 [main] MadridImageUploadUtility.UtilityManager  - -----------------------------------------
DEBUG   2016-11-24 10:57:03,335 [main] MadridImageUploadUtility.UtilityManager  - -----------------------------------------
DEBUG   2016-11-24 10:57:03,450 [main] MadridImageUploadUtility.UtilityManager  - -----------------------------------------
DEBUG   2016-11-24 10:57:03,492 [main] MadridImageUploadUtility.UtilityManager  - -----------------------------------------
DEBUG   2016-11-24 10:57:03,537 [main] MadridImageUploadUtility.UtilityManager  - -----------------------------------------
DEBUG   2016-11-24 10:57:03,579 [main] MadridImageUploadUtility.UtilityManager  - -----------------------------------------
DEBUG   2016-11-24 10:57:03,621 [main] MadridImageUploadUtility.UtilityManager  - -----------------------------------------
DEBUG   2016-11-24 10:57:03,740 [main] MadridImageUploadUtility.UtilityManager  - -----------------------------------------
DEBUG   2016-11-24 10:57:03,904 [main] MadridImageUploadUtility.UtilityManager  - -----------------------------------------
DEBUG   2016-11-24 10:57:03,951 [main] MadridImageUploadUtility.UtilityManager  - -----------------------------------------
DEBUG   2016-11-24 10:57:03,991 [main] MadridImageUploadUtility.UtilityManager  - -----------------------------------------
DEBUG   2016-11-24 10:57:04,074 [main] MadridImageUploadUtility.UtilityManager  - -----------------------------------------
DEBUG   2016-11-24 10:57:04,159 [main] MadridImageUploadUtility.UtilityManager  - -----------------------------------------
DEBUG   2016-11-24 10:57:04,203 [main] MadridImageUploadUtility.UtilityManager  - -----------------------------------------
DEBUG   2016-11-24 10:57:04,316 [main] MadridImageUploadUtility.UtilityManager  - -----------------------------------------
DEBUG   2016-11-24 10:57:04,361 [main] MadridImageUploadUtility.UtilityManager  - -----------------------------------------
DEBUG   2016-11-24 10:57:04,402 [main] MadridImageUploadUtility.UtilityManager  - -----------------------------------------
DEBUG   2016-11-24 10:57:04,443 [main] MadridImageUploadUtility.UtilityManager  - -----------------------------------------
DEBUG   2016-11-24 10:57:04,523 [main] MadridImageUploadUtility.UtilityManager  - -----------------------------------------
DEBUG   2016-11-24 10:57:04,567 [main] MadridImageUploadUtility.UtilityManager  - -----------------------------------------
DEBUG   2016-11-24 10:57:04,659 [main] MadridImageUploadUtility.UtilityManager  - -----------------------------------------
DEBUG   2016-11-24 10:57:04,698 [main] MadridImageUploadUtility.UtilityManager  - -----------------------------------------
DEBUG   2016-11-24 10:57:04,738 [main] MadridImageUploadUtility.UtilityManager  - -----------------------------------------
DEBUG   2016-11-24 10:57:04,777 [main] MadridImageUploadUtility.UtilityManager  - -----------------------------------------
DEBUG   2016-11-24 10:57:04,864 [main] MadridImageUploadUtility.UtilityManager  - -----------------------------------------
DEBUG   2016-11-24 10:57:04,944 [main] MadridImageUploadUtility.UtilityManager  - -----------------------------------------
DEBUG   2016-11-24 10:57:04,988 [main] MadridImageUploadUtility.UtilityManager  - -----------------------------------------
DEBUG   2016-11-24 10:57:05,026 [main] MadridImageUploadUtility.UtilityManager  - -----------------------------------------
DEBUG   2016-11-24 10:57:05,065 [main] MadridImageUploadUtility.UtilityManager  - -----------------------------------------
DEBUG   2016-11-24 10:57:05,274 [main] MadridImageUploadUtility.UtilityManager  - -----------------------------------------
DEBUG   2016-11-24 10:57:05,310 [main] MadridImageUploadUtility.UtilityManager  - -----------------------------------------
DEBUG   2016-11-24 10:57:05,405 [main] MadridImageUploadUtility.UtilityManager  - -----------------------------------------
DEBUG   2016-11-24 10:57:05,443 [main] MadridImageUploadUtility.UtilityManager  - -----------------------------------------
DEBUG   2016-11-24 10:57:05,520 [main] MadridImageUploadUtility.UtilityManager  - -----------------------------------------
DEBUG   2016-11-24 10:57:05,561 [main] MadridImageUploadUtility.UtilityManager  - -----------------------------------------
DEBUG   2016-11-24 10:57:05,602 [main] MadridImageUploadUtility.UtilityManager  - -----------------------------------------
DEBUG   2016-11-24 10:57:05,604 [main] MadridImageUploadUtility.UtilityManager  - ##########################
INFO    2016-11-24 10:57:05,604 [main] MadridImageUploadUtility.UtilityManager  - Following marks logo are updated successfully successfully::
INFO    2016-11-24 10:57:05,604 [main] MadridImageUploadUtility.UtilityManager  - [1048515, 0888376, 1199911, 1194743, 1198672, 1062326]
INFO    2016-11-24 10:57:05,605 [main] MadridImageUploadUtility.UtilityManager  - Following marks are not eligible for parsing as either their logo is not missing or  sign_code is not of logo type::
INFO    2016-11-24 10:57:05,605 [main] MadridImageUploadUtility.UtilityManager  - [1197827, 1199432, 1199560, 0874009, 0816228, 1199498, 1199995, 1199544, 1198486, 1021910, 1149716, 1200409, 1198008, 1197969, 1004972, 1198816, 1198509, 1199746, 1198787, 1200255, 1199618, 1199808, 1199779, 1199762]
DEBUG   2016-11-24 10:57:05,605 [main] MadridImageUploadUtility.UtilityManager  - ##########################
INFO    2016-11-24 10:57:05,605 [main] MadridImageUploadUtility.UtilityManager  - Following notification files are  parsed successfully::
INFO    2016-11-24 10:57:05,605 [main] MadridImageUploadUtility.UtilityManager  - [N201413.XML, N201414.XML, N201415.XML, N201416.XML, N201525.XML]
DEBUG   2016-11-24 10:57:05,605 [main] MadridImageUploadUtility.UtilityManager  - ##########################
DEBUG   2016-11-24 10:57:05,605 [main] MadridImageUploadUtility.UtilityManager  - Intregn  are not present in database for following FILE::
DEBUG   2016-11-24 10:57:05,605 [main] MadridImageUploadUtility.UtilityManager  - [1196482, 1253575, 1253802, 1175736, 1201262, 1158170, 1254047, 1201132, 1200819, 0647429, 1254236, 1203460, 0633781, 0920610, 1201084, 1201082, 1201065, 1200998, 1062202, 1200896, 0676726, 1254448, 1194843, 0814768, 0563651, 1205881, 1254151, 1194940, 1253899, 1156080, 1203552, 1200887, 1177330, 1201155, 1201254, 1254166, 1254258, 0832986, 1202488, 1201044, 1054015, 0697541, 0604810, 0685941, 1046219, 1254206, 1254346, 1218042, 1215731, 0815866, 1254277, 1254278, 0890222, 1114036, 1114037, 1254281, 0492223, 1254080, 1025318, 1201208, 1201180, 1124476, 1200586, 1254293, 0893427, 1201203, 1201186, 1200840, 1254190, 1039406, 1027618, 1254317, 1200574, 1254217, 1200635, 1232489, 1166386]
DEBUG   2016-11-24 10:57:05,605 [main] MadridImageUploadUtility.UtilityManager  - ##########################
DEBUG   2016-11-24 10:57:05,605 [main] MadridImageUploadUtility.UtilityManager  - Images are not present for following FILE::
DEBUG   2016-11-24 10:57:05,605 [main] MadridImageUploadUtility.UtilityManager  - [1198104, 1199661, 1199669, 1200324, 1199970, 1200144, 0171595, 1199033, 1199247, 1200097, 1199491, 1199499, 1198492, 1200348, 1199328, 1198070, 1199428, 0789395, 0453539, 0824107, 1200337, 1198083, 1198893, 1198370, 1186532, 1198601, 1200036, 1075225, 1198467, 1198154, 1199744, 0589087, 1198417, 1197789, 1198414, 1198616, 1199280, 1199611, 1199356, 1199357, 1198428, 1200449, 1199955, 1199500, 1062325, 1159878, 0785924, 1200161, 1197834, 1199460, 1138116]
DEBUG   2016-11-24 10:57:05,605 [main] MadridImageUploadUtility.UtilityManager  - ##########################
DEBUG   2016-11-24 10:57:05,605 [main] MadridImageUploadUtility.UtilityManager  - Processing Completed!!!
DEBUG   2016-11-24 10:57:05,605 [main] MadridImageUploadUtility.UtilityManager  - Please check processed details in log file generated in MadridImageUploadUtility folder
DEBUG   2016-11-24 10:57:05,605 [main] MadridImageUploadUtility.UtilityManager  - Closing database connection..........!!
DEBUG   2016-11-24 10:57:05,606 [main] MadridImageUploadUtility.UtilityManager  - Database connection closed..........!!
INFO    2016-11-24 10:57:05,606 [main] MadridImageUploadUtility.UtilityManager  - Processing Completed.......................!!!
INFO    2016-11-24 10:57:05,606 [main] MadridImageUploadUtility.UtilityManager  - =================================================
INFO    2016-11-24 10:57:05,606 [main] MadridImageUploadUtility.UtilityManager  - Please check processed details in log file generated in log folder
INFO    2016-11-24 10:57:05,606 [main] MadridImageUploadUtility.UtilityManager  - ********************************************************
