INFO    2016-11-23 14:36:31,332 [main] MadridImageUploadUtility.UtilityManager  - Initializing Utility...........................................!!!!!
DEBUG   2016-11-23 14:36:31,333 [main] MadridImageUploadUtility.UtilityManager  - ################################################
DEBUG   2016-11-23 14:36:31,333 [main] MadridImageUploadUtility.UtilityManager  - =================================================
DEBUG   2016-11-23 14:36:31,333 [main] MadridImageUploadUtility.UtilityManager  - LOG4JCONFIGFILE:::log4j.properties
DEBUG   2016-11-23 14:36:31,334 [main] MadridImageUploadUtility.UtilityConfiguration  - loading configuration.....
DEBUG   2016-11-23 14:36:31,335 [main] MadridImageUploadUtility.UtilityConfiguration  - IIOP PORT:::3700
DEBUG   2016-11-23 14:36:31,335 [main] MadridImageUploadUtility.UtilityConfiguration  - iiopHost:::localhost
DEBUG   2016-11-23 14:36:31,335 [main] MadridImageUploadUtility.UtilityConfiguration  - databaseHost:::localhost
DEBUG   2016-11-23 14:36:31,335 [main] MadridImageUploadUtility.UtilityConfiguration  - databasePort:::1521
DEBUG   2016-11-23 14:36:31,335 [main] MadridImageUploadUtility.UtilityConfiguration  - databaseTool:::oracle
DEBUG   2016-11-23 14:36:31,335 [main] MadridImageUploadUtility.UtilityConfiguration  - databaseName:::IPASMAD270
DEBUG   2016-11-23 14:36:31,335 [main] MadridImageUploadUtility.UtilityConfiguration  - userName:::IPASMAD270
DEBUG   2016-11-23 14:36:31,335 [main] MadridImageUploadUtility.UtilityConfiguration  - madridXMLFolder:::D://IPASS_BUILD//madridXml
DEBUG   2016-11-23 14:36:31,335 [main] MadridImageUploadUtility.UtilityConfiguration  - madridImageFolder:::D://IPASS_BUILD//madridXml//images
DEBUG   2016-11-23 14:36:31,336 [main] MadridImageUploadUtility.UtilityConfiguration  - fileType:::A
DEBUG   2016-11-23 14:36:31,339 [main] MadridImageUploadUtility.UtilityManager  - Obtaining Database Connection....
INFO    2016-11-23 14:36:31,340 [main] MadridImageUploadUtility.DBdataFetcher  - Database Type is Oracle....
INFO    2016-11-23 14:36:31,554 [main] MadridImageUploadUtility.UtilityManager  - Initializing Completed...............................................!!!!!!
DEBUG   2016-11-23 14:36:31,554 [main] MadridImageUploadUtility.UtilityManager  - =================================================
DEBUG   2016-11-23 14:36:31,554 [main] MadridImageUploadUtility.UtilityManager  - ################################################
DEBUG   2016-11-23 14:36:31,554 [main] MadridImageUploadUtility.UtilityManager  - ===========================================
DEBUG   2016-11-23 14:36:31,554 [main] MadridImageUploadUtility.UtilityManager  - Going to parse xml::N201413.XML
DEBUG   2016-11-23 14:36:31,689 [main] MadridImageUploadUtility.UtilityManager  - ===========================================
DEBUG   2016-11-23 14:36:31,689 [main] MadridImageUploadUtility.UtilityManager  - ===========================================
DEBUG   2016-11-23 14:36:31,689 [main] MadridImageUploadUtility.UtilityManager  - Going to parse xml::N201414.XML
DEBUG   2016-11-23 14:36:31,766 [main] MadridImageUploadUtility.UtilityManager  - ===========================================
DEBUG   2016-11-23 14:36:31,766 [main] MadridImageUploadUtility.UtilityManager  - ===========================================
DEBUG   2016-11-23 14:36:31,766 [main] MadridImageUploadUtility.UtilityManager  - Going to parse xml::N201415.XML
DEBUG   2016-11-23 14:36:31,813 [main] MadridImageUploadUtility.UtilityManager  - ===========================================
DEBUG   2016-11-23 14:36:31,813 [main] MadridImageUploadUtility.UtilityManager  - ===========================================
DEBUG   2016-11-23 14:36:31,813 [main] MadridImageUploadUtility.UtilityManager  - Going to parse xml::N201416.XML
DEBUG   2016-11-23 14:36:31,829 [main] MadridImageUploadUtility.UtilityManager  - ===========================================
DEBUG   2016-11-23 14:36:31,829 [main] MadridImageUploadUtility.UtilityManager  - ===========================================
DEBUG   2016-11-23 14:36:31,829 [main] MadridImageUploadUtility.UtilityManager  - Going to parse xml::N201525.XML
DEBUG   2016-11-23 14:36:31,849 [main] MadridImageUploadUtility.UtilityManager  - ===========================================
DEBUG   2016-11-23 14:36:31,849 [main] MadridImageUploadUtility.UtilityManager  - ###############################
DEBUG   2016-11-23 14:36:31,849 [main] MadridImageUploadUtility.UtilityManager  - Final Intregen Map to be processed::{1197827=N, 1199432=N, 1199560=N, 1196482=Y, 1253575=N, 1253802=N, 1175736=N, 1201262=N, 1198104=Y, 0874009=N, 1199661=N, 1199669=Y, 1200324=N, 1199970=N, 1158170=Y, 1200144=N, 1254047=N, 1201132=N, 1200819=N, 0647429=N, 1254236=N, 1203460=N, 1048515=Y, 0633781=N, 0171595=N, 0920610=N, 1201084=N, 1199033=N, 1201082=N, 1201065=N, 1200998=N, 0816228=N, 1062202=Y, 1200896=N, 0676726=N, 1254448=N, 1199247=N, 0888376=Y, 1199911=Y, 1200097=N, 1194843=N, 1199491=N, 1194743=N, 0814768=N, 0563651=N, 1205881=N, 1199499=Y, 1254151=Y, 1194940=N, 1199498=N, 1253899=N, 1198492=N, 1156080=Y, 1203552=N, 1199995=N, 1200348=N, 1199544=N, 1200887=N, 1199328=N, 1177330=N, 1201155=Y, 1201254=N, 1198486=N, 1198070=N, 1021910=N, 1254166=N, 1149716=N, 1199428=N, 1254258=N, 0832986=N, 1198672=Y, 1202488=N, 1201044=Y, 0789395=N, 1200409=N, 0453539=N, 1054015=N, 0824107=N, 0697541=N, 1200337=N, 0604810=N, 1198083=N, 0685941=N, 1046219=N, 1198893=N, 1198008=N, 1197969=N, 1254206=Y, 1254346=N, 1198370=N, 1004972=N, 1218042=N, 1215731=N, 1186532=N, 0815866=N, 1254277=N, 1254278=N, 1198601=N, 1200036=N, 1198816=N, 1075225=Y, 0890222=N, 1198509=N, 1198467=N, 1114036=Y, 1114037=Y, 1198154=N, 1199746=N, 1254281=Y, 1199744=N, 0589087=N, 1198417=N, 1197789=N, 1198787=N, 1198414=N, 0492223=N, 1254080=N, 1198616=Y, 1025318=N, 1200255=N, 1199280=N, 1199611=Y, 1199356=N, 1199357=N, 1201208=N, 1201180=Y, 1124476=N, 1199618=N, 1200586=N, 1254293=N, 1198428=N, 0893427=Y, 1201203=N, 1201186=N, 1199808=N, 1200449=Y, 1200840=N, 1254190=Y, 1199955=N, 1199500=N, 1039406=Y, 1062325=Y, 1199779=N, 1159878=Y, 1062326=Y, 0785924=N, 1027618=N, 1200161=N, 1254317=Y, 1199762=N, 1197834=N, 1200574=N, 1254217=N, 1200635=Y, 1199460=N, 1138116=Y, 1232489=N, 1166386=N}; length::158
DEBUG   2016-11-23 14:36:31,849 [main] MadridImageUploadUtility.UtilityManager  - ###############################
DEBUG   2016-11-23 14:36:31,851 [main] MadridImageUploadUtility.UtilityManager  - =================================
DEBUG   2016-11-23 14:36:31,851 [main] MadridImageUploadUtility.UtilityManager  - Going to process Intregn::1197827
DEBUG   2016-11-23 14:36:31,934 [main] MadridImageUploadUtility.UtilityManager  - This intregn::1197827::is not present in database hence processing next intregn
DEBUG   2016-11-23 14:36:31,934 [main] MadridImageUploadUtility.UtilityManager  - =================================
DEBUG   2016-11-23 14:36:31,934 [main] MadridImageUploadUtility.UtilityManager  - Going to process Intregn::1199432
DEBUG   2016-11-23 14:36:31,936 [main] MadridImageUploadUtility.UtilityManager  - This intregn::1199432::is not present in database hence processing next intregn
DEBUG   2016-11-23 14:36:31,936 [main] MadridImageUploadUtility.UtilityManager  - =================================
DEBUG   2016-11-23 14:36:31,936 [main] MadridImageUploadUtility.UtilityManager  - Going to process Intregn::1199560
DEBUG   2016-11-23 14:36:31,937 [main] MadridImageUploadUtility.UtilityManager  - This intregn::1199560::is not present in database hence processing next intregn
DEBUG   2016-11-23 14:36:31,938 [main] MadridImageUploadUtility.UtilityManager  - =================================
DEBUG   2016-11-23 14:36:31,938 [main] MadridImageUploadUtility.UtilityManager  - Going to process Intregn::1196482
DEBUG   2016-11-23 14:36:31,939 [main] MadridImageUploadUtility.UtilityManager  - This intregn::1196482::is not present in database hence processing next intregn
DEBUG   2016-11-23 14:36:31,939 [main] MadridImageUploadUtility.UtilityManager  - =================================
DEBUG   2016-11-23 14:36:31,939 [main] MadridImageUploadUtility.UtilityManager  - Going to process Intregn::1253575
DEBUG   2016-11-23 14:36:31,941 [main] MadridImageUploadUtility.UtilityManager  - This intregn::1253575::is not present in database hence processing next intregn
DEBUG   2016-11-23 14:36:31,941 [main] MadridImageUploadUtility.UtilityManager  - =================================
DEBUG   2016-11-23 14:36:31,941 [main] MadridImageUploadUtility.UtilityManager  - Going to process Intregn::1253802
DEBUG   2016-11-23 14:36:31,943 [main] MadridImageUploadUtility.UtilityManager  - This intregn::1253802::is not present in database hence processing next intregn
DEBUG   2016-11-23 14:36:31,943 [main] MadridImageUploadUtility.UtilityManager  - =================================
DEBUG   2016-11-23 14:36:31,943 [main] MadridImageUploadUtility.UtilityManager  - Going to process Intregn::1175736
DEBUG   2016-11-23 14:36:31,945 [main] MadridImageUploadUtility.UtilityManager  - This intregn::1175736::is not present in database hence processing next intregn
DEBUG   2016-11-23 14:36:31,945 [main] MadridImageUploadUtility.UtilityManager  - =================================
DEBUG   2016-11-23 14:36:31,945 [main] MadridImageUploadUtility.UtilityManager  - Going to process Intregn::1201262
DEBUG   2016-11-23 14:36:31,946 [main] MadridImageUploadUtility.UtilityManager  - This intregn::1201262::is not present in database hence processing next intregn
DEBUG   2016-11-23 14:36:31,946 [main] MadridImageUploadUtility.UtilityManager  - =================================
DEBUG   2016-11-23 14:36:31,946 [main] MadridImageUploadUtility.UtilityManager  - Going to process Intregn::1198104
DEBUG   2016-11-23 14:36:31,948 [main] MadridImageUploadUtility.UtilityManager  - This intregn::1198104::is not present in database hence processing next intregn
DEBUG   2016-11-23 14:36:31,948 [main] MadridImageUploadUtility.UtilityManager  - =================================
DEBUG   2016-11-23 14:36:31,948 [main] MadridImageUploadUtility.UtilityManager  - Going to process Intregn::0874009
DEBUG   2016-11-23 14:36:31,949 [main] MadridImageUploadUtility.UtilityManager  - This intregn::0874009::is not present in database hence processing next intregn
DEBUG   2016-11-23 14:36:31,949 [main] MadridImageUploadUtility.UtilityManager  - =================================
DEBUG   2016-11-23 14:36:31,949 [main] MadridImageUploadUtility.UtilityManager  - Going to process Intregn::1199661
DEBUG   2016-11-23 14:36:31,950 [main] MadridImageUploadUtility.UtilityManager  - This intregn::1199661::is not present in database hence processing next intregn
DEBUG   2016-11-23 14:36:31,950 [main] MadridImageUploadUtility.UtilityManager  - =================================
DEBUG   2016-11-23 14:36:31,950 [main] MadridImageUploadUtility.UtilityManager  - Going to process Intregn::1199669
DEBUG   2016-11-23 14:36:31,951 [main] MadridImageUploadUtility.UtilityManager  - This intregn::1199669::is not present in database hence processing next intregn
DEBUG   2016-11-23 14:36:31,951 [main] MadridImageUploadUtility.UtilityManager  - =================================
DEBUG   2016-11-23 14:36:31,951 [main] MadridImageUploadUtility.UtilityManager  - Going to process Intregn::1200324
DEBUG   2016-11-23 14:36:31,953 [main] MadridImageUploadUtility.UtilityManager  - This intregn::1200324::is not present in database hence processing next intregn
DEBUG   2016-11-23 14:36:31,953 [main] MadridImageUploadUtility.UtilityManager  - =================================
DEBUG   2016-11-23 14:36:31,953 [main] MadridImageUploadUtility.UtilityManager  - Going to process Intregn::1199970
DEBUG   2016-11-23 14:36:31,954 [main] MadridImageUploadUtility.UtilityManager  - This intregn::1199970::is not present in database hence processing next intregn
DEBUG   2016-11-23 14:36:31,954 [main] MadridImageUploadUtility.UtilityManager  - =================================
DEBUG   2016-11-23 14:36:31,954 [main] MadridImageUploadUtility.UtilityManager  - Going to process Intregn::1158170
DEBUG   2016-11-23 14:36:31,955 [main] MadridImageUploadUtility.UtilityManager  - This intregn::1158170::is not present in database hence processing next intregn
DEBUG   2016-11-23 14:36:31,955 [main] MadridImageUploadUtility.UtilityManager  - =================================
DEBUG   2016-11-23 14:36:31,955 [main] MadridImageUploadUtility.UtilityManager  - Going to process Intregn::1200144
DEBUG   2016-11-23 14:36:31,956 [main] MadridImageUploadUtility.UtilityManager  - This intregn::1200144::is not present in database hence processing next intregn
DEBUG   2016-11-23 14:36:31,956 [main] MadridImageUploadUtility.UtilityManager  - =================================
DEBUG   2016-11-23 14:36:31,957 [main] MadridImageUploadUtility.UtilityManager  - Going to process Intregn::1254047
DEBUG   2016-11-23 14:36:31,958 [main] MadridImageUploadUtility.UtilityManager  - This intregn::1254047::is not present in database hence processing next intregn
DEBUG   2016-11-23 14:36:31,958 [main] MadridImageUploadUtility.UtilityManager  - =================================
DEBUG   2016-11-23 14:36:31,958 [main] MadridImageUploadUtility.UtilityManager  - Going to process Intregn::1201132
DEBUG   2016-11-23 14:36:31,959 [main] MadridImageUploadUtility.UtilityManager  - This intregn::1201132::is not present in database hence processing next intregn
DEBUG   2016-11-23 14:36:31,959 [main] MadridImageUploadUtility.UtilityManager  - =================================
DEBUG   2016-11-23 14:36:31,959 [main] MadridImageUploadUtility.UtilityManager  - Going to process Intregn::1200819
DEBUG   2016-11-23 14:36:31,960 [main] MadridImageUploadUtility.UtilityManager  - This intregn::1200819::is not present in database hence processing next intregn
DEBUG   2016-11-23 14:36:31,960 [main] MadridImageUploadUtility.UtilityManager  - =================================
DEBUG   2016-11-23 14:36:31,960 [main] MadridImageUploadUtility.UtilityManager  - Going to process Intregn::0647429
DEBUG   2016-11-23 14:36:31,962 [main] MadridImageUploadUtility.UtilityManager  - This intregn::0647429::is not present in database hence processing next intregn
DEBUG   2016-11-23 14:36:31,962 [main] MadridImageUploadUtility.UtilityManager  - =================================
DEBUG   2016-11-23 14:36:31,962 [main] MadridImageUploadUtility.UtilityManager  - Going to process Intregn::1254236
DEBUG   2016-11-23 14:36:31,963 [main] MadridImageUploadUtility.UtilityManager  - This intregn::1254236::is not present in database hence processing next intregn
DEBUG   2016-11-23 14:36:31,963 [main] MadridImageUploadUtility.UtilityManager  - =================================
DEBUG   2016-11-23 14:36:31,963 [main] MadridImageUploadUtility.UtilityManager  - Going to process Intregn::1203460
DEBUG   2016-11-23 14:36:31,964 [main] MadridImageUploadUtility.UtilityManager  - This intregn::1203460::is not present in database hence processing next intregn
DEBUG   2016-11-23 14:36:31,964 [main] MadridImageUploadUtility.UtilityManager  - =================================
DEBUG   2016-11-23 14:36:31,964 [main] MadridImageUploadUtility.UtilityManager  - Going to process Intregn::1048515
DEBUG   2016-11-23 14:36:31,965 [main] MadridImageUploadUtility.UtilityManager  - This intregn::1048515::is not present in database hence processing next intregn
DEBUG   2016-11-23 14:36:31,965 [main] MadridImageUploadUtility.UtilityManager  - =================================
DEBUG   2016-11-23 14:36:31,965 [main] MadridImageUploadUtility.UtilityManager  - Going to process Intregn::0633781
DEBUG   2016-11-23 14:36:31,966 [main] MadridImageUploadUtility.UtilityManager  - This intregn::0633781::is not present in database hence processing next intregn
DEBUG   2016-11-23 14:36:31,966 [main] MadridImageUploadUtility.UtilityManager  - =================================
DEBUG   2016-11-23 14:36:31,966 [main] MadridImageUploadUtility.UtilityManager  - Going to process Intregn::0171595
DEBUG   2016-11-23 14:36:31,967 [main] MadridImageUploadUtility.UtilityManager  - This intregn::0171595::is not present in database hence processing next intregn
DEBUG   2016-11-23 14:36:31,967 [main] MadridImageUploadUtility.UtilityManager  - =================================
DEBUG   2016-11-23 14:36:31,967 [main] MadridImageUploadUtility.UtilityManager  - Going to process Intregn::0920610
DEBUG   2016-11-23 14:36:31,968 [main] MadridImageUploadUtility.UtilityManager  - This intregn::0920610::is not present in database hence processing next intregn
DEBUG   2016-11-23 14:36:31,968 [main] MadridImageUploadUtility.UtilityManager  - =================================
DEBUG   2016-11-23 14:36:31,968 [main] MadridImageUploadUtility.UtilityManager  - Going to process Intregn::1201084
DEBUG   2016-11-23 14:36:31,969 [main] MadridImageUploadUtility.UtilityManager  - This intregn::1201084::is not present in database hence processing next intregn
DEBUG   2016-11-23 14:36:31,969 [main] MadridImageUploadUtility.UtilityManager  - =================================
DEBUG   2016-11-23 14:36:31,969 [main] MadridImageUploadUtility.UtilityManager  - Going to process Intregn::1199033
DEBUG   2016-11-23 14:36:31,970 [main] MadridImageUploadUtility.UtilityManager  - This intregn::1199033::is not present in database hence processing next intregn
DEBUG   2016-11-23 14:36:31,970 [main] MadridImageUploadUtility.UtilityManager  - =================================
DEBUG   2016-11-23 14:36:31,970 [main] MadridImageUploadUtility.UtilityManager  - Going to process Intregn::1201082
DEBUG   2016-11-23 14:36:31,971 [main] MadridImageUploadUtility.UtilityManager  - This intregn::1201082::is not present in database hence processing next intregn
DEBUG   2016-11-23 14:36:31,971 [main] MadridImageUploadUtility.UtilityManager  - =================================
DEBUG   2016-11-23 14:36:31,971 [main] MadridImageUploadUtility.UtilityManager  - Going to process Intregn::1201065
DEBUG   2016-11-23 14:36:31,972 [main] MadridImageUploadUtility.UtilityManager  - This intregn::1201065::is not present in database hence processing next intregn
DEBUG   2016-11-23 14:36:31,972 [main] MadridImageUploadUtility.UtilityManager  - =================================
DEBUG   2016-11-23 14:36:31,972 [main] MadridImageUploadUtility.UtilityManager  - Going to process Intregn::1200998
DEBUG   2016-11-23 14:36:31,973 [main] MadridImageUploadUtility.UtilityManager  - This intregn::1200998::is not present in database hence processing next intregn
DEBUG   2016-11-23 14:36:31,973 [main] MadridImageUploadUtility.UtilityManager  - =================================
DEBUG   2016-11-23 14:36:31,973 [main] MadridImageUploadUtility.UtilityManager  - Going to process Intregn::0816228
DEBUG   2016-11-23 14:36:31,974 [main] MadridImageUploadUtility.UtilityManager  - This intregn::0816228::is not present in database hence processing next intregn
DEBUG   2016-11-23 14:36:31,974 [main] MadridImageUploadUtility.UtilityManager  - =================================
DEBUG   2016-11-23 14:36:31,974 [main] MadridImageUploadUtility.UtilityManager  - Going to process Intregn::1062202
DEBUG   2016-11-23 14:36:31,975 [main] MadridImageUploadUtility.UtilityManager  - This intregn::1062202::is not present in database hence processing next intregn
DEBUG   2016-11-23 14:36:31,975 [main] MadridImageUploadUtility.UtilityManager  - =================================
DEBUG   2016-11-23 14:36:31,975 [main] MadridImageUploadUtility.UtilityManager  - Going to process Intregn::1200896
DEBUG   2016-11-23 14:36:31,976 [main] MadridImageUploadUtility.UtilityManager  - This intregn::1200896::is not present in database hence processing next intregn
DEBUG   2016-11-23 14:36:31,976 [main] MadridImageUploadUtility.UtilityManager  - =================================
DEBUG   2016-11-23 14:36:31,976 [main] MadridImageUploadUtility.UtilityManager  - Going to process Intregn::0676726
DEBUG   2016-11-23 14:36:31,977 [main] MadridImageUploadUtility.UtilityManager  - This intregn::0676726::is not present in database hence processing next intregn
DEBUG   2016-11-23 14:36:31,977 [main] MadridImageUploadUtility.UtilityManager  - =================================
DEBUG   2016-11-23 14:36:31,977 [main] MadridImageUploadUtility.UtilityManager  - Going to process Intregn::1254448
DEBUG   2016-11-23 14:36:31,978 [main] MadridImageUploadUtility.UtilityManager  - This intregn::1254448::is not present in database hence processing next intregn
DEBUG   2016-11-23 14:36:31,978 [main] MadridImageUploadUtility.UtilityManager  - =================================
DEBUG   2016-11-23 14:36:31,978 [main] MadridImageUploadUtility.UtilityManager  - Going to process Intregn::1199247
DEBUG   2016-11-23 14:36:31,979 [main] MadridImageUploadUtility.UtilityManager  - This intregn::1199247::is not present in database hence processing next intregn
DEBUG   2016-11-23 14:36:31,979 [main] MadridImageUploadUtility.UtilityManager  - =================================
DEBUG   2016-11-23 14:36:31,979 [main] MadridImageUploadUtility.UtilityManager  - Going to process Intregn::0888376
DEBUG   2016-11-23 14:36:31,980 [main] MadridImageUploadUtility.UtilityManager  - This intregn::0888376::is not present in database hence processing next intregn
DEBUG   2016-11-23 14:36:31,980 [main] MadridImageUploadUtility.UtilityManager  - =================================
DEBUG   2016-11-23 14:36:31,980 [main] MadridImageUploadUtility.UtilityManager  - Going to process Intregn::1199911
DEBUG   2016-11-23 14:36:31,981 [main] MadridImageUploadUtility.UtilityManager  - This intregn::1199911::is not present in database hence processing next intregn
DEBUG   2016-11-23 14:36:31,981 [main] MadridImageUploadUtility.UtilityManager  - =================================
DEBUG   2016-11-23 14:36:31,981 [main] MadridImageUploadUtility.UtilityManager  - Going to process Intregn::1200097
DEBUG   2016-11-23 14:36:31,982 [main] MadridImageUploadUtility.UtilityManager  - This intregn::1200097::is not present in database hence processing next intregn
DEBUG   2016-11-23 14:36:31,982 [main] MadridImageUploadUtility.UtilityManager  - =================================
DEBUG   2016-11-23 14:36:31,982 [main] MadridImageUploadUtility.UtilityManager  - Going to process Intregn::1194843
DEBUG   2016-11-23 14:36:31,983 [main] MadridImageUploadUtility.UtilityManager  - This intregn::1194843::is not present in database hence processing next intregn
DEBUG   2016-11-23 14:36:31,983 [main] MadridImageUploadUtility.UtilityManager  - =================================
DEBUG   2016-11-23 14:36:31,983 [main] MadridImageUploadUtility.UtilityManager  - Going to process Intregn::1199491
DEBUG   2016-11-23 14:36:31,984 [main] MadridImageUploadUtility.UtilityManager  - This intregn::1199491::is not present in database hence processing next intregn
DEBUG   2016-11-23 14:36:31,984 [main] MadridImageUploadUtility.UtilityManager  - =================================
DEBUG   2016-11-23 14:36:31,984 [main] MadridImageUploadUtility.UtilityManager  - Going to process Intregn::1194743
DEBUG   2016-11-23 14:36:31,985 [main] MadridImageUploadUtility.UtilityManager  - This intregn::1194743::is not present in database hence processing next intregn
DEBUG   2016-11-23 14:36:31,985 [main] MadridImageUploadUtility.UtilityManager  - =================================
DEBUG   2016-11-23 14:36:31,985 [main] MadridImageUploadUtility.UtilityManager  - Going to process Intregn::0814768
DEBUG   2016-11-23 14:36:31,986 [main] MadridImageUploadUtility.UtilityManager  - This intregn::0814768::is not present in database hence processing next intregn
DEBUG   2016-11-23 14:36:31,986 [main] MadridImageUploadUtility.UtilityManager  - =================================
DEBUG   2016-11-23 14:36:31,986 [main] MadridImageUploadUtility.UtilityManager  - Going to process Intregn::0563651
DEBUG   2016-11-23 14:36:31,987 [main] MadridImageUploadUtility.UtilityManager  - This intregn::0563651::is not present in database hence processing next intregn
DEBUG   2016-11-23 14:36:31,987 [main] MadridImageUploadUtility.UtilityManager  - =================================
DEBUG   2016-11-23 14:36:31,987 [main] MadridImageUploadUtility.UtilityManager  - Going to process Intregn::1205881
DEBUG   2016-11-23 14:36:31,988 [main] MadridImageUploadUtility.UtilityManager  - This intregn::1205881::is not present in database hence processing next intregn
DEBUG   2016-11-23 14:36:31,988 [main] MadridImageUploadUtility.UtilityManager  - =================================
DEBUG   2016-11-23 14:36:31,988 [main] MadridImageUploadUtility.UtilityManager  - Going to process Intregn::1199499
DEBUG   2016-11-23 14:36:31,989 [main] MadridImageUploadUtility.UtilityManager  - This intregn::1199499::is not present in database hence processing next intregn
DEBUG   2016-11-23 14:36:31,989 [main] MadridImageUploadUtility.UtilityManager  - =================================
DEBUG   2016-11-23 14:36:31,989 [main] MadridImageUploadUtility.UtilityManager  - Going to process Intregn::1254151
DEBUG   2016-11-23 14:36:31,990 [main] MadridImageUploadUtility.UtilityManager  - This intregn::1254151::is not present in database hence processing next intregn
DEBUG   2016-11-23 14:36:31,990 [main] MadridImageUploadUtility.UtilityManager  - =================================
DEBUG   2016-11-23 14:36:31,990 [main] MadridImageUploadUtility.UtilityManager  - Going to process Intregn::1194940
DEBUG   2016-11-23 14:36:31,991 [main] MadridImageUploadUtility.UtilityManager  - This intregn::1194940::is not present in database hence processing next intregn
DEBUG   2016-11-23 14:36:31,991 [main] MadridImageUploadUtility.UtilityManager  - =================================
DEBUG   2016-11-23 14:36:31,991 [main] MadridImageUploadUtility.UtilityManager  - Going to process Intregn::1199498
DEBUG   2016-11-23 14:36:31,992 [main] MadridImageUploadUtility.UtilityManager  - This intregn::1199498::is not present in database hence processing next intregn
DEBUG   2016-11-23 14:36:31,992 [main] MadridImageUploadUtility.UtilityManager  - =================================
DEBUG   2016-11-23 14:36:31,992 [main] MadridImageUploadUtility.UtilityManager  - Going to process Intregn::1253899
DEBUG   2016-11-23 14:36:31,993 [main] MadridImageUploadUtility.UtilityManager  - This intregn::1253899::is not present in database hence processing next intregn
DEBUG   2016-11-23 14:36:31,993 [main] MadridImageUploadUtility.UtilityManager  - =================================
DEBUG   2016-11-23 14:36:31,993 [main] MadridImageUploadUtility.UtilityManager  - Going to process Intregn::1198492
DEBUG   2016-11-23 14:36:31,994 [main] MadridImageUploadUtility.UtilityManager  - This intregn::1198492::is not present in database hence processing next intregn
DEBUG   2016-11-23 14:36:31,994 [main] MadridImageUploadUtility.UtilityManager  - =================================
DEBUG   2016-11-23 14:36:31,994 [main] MadridImageUploadUtility.UtilityManager  - Going to process Intregn::1156080
DEBUG   2016-11-23 14:36:31,995 [main] MadridImageUploadUtility.UtilityManager  - This intregn::1156080::is not present in database hence processing next intregn
DEBUG   2016-11-23 14:36:31,995 [main] MadridImageUploadUtility.UtilityManager  - =================================
DEBUG   2016-11-23 14:36:31,995 [main] MadridImageUploadUtility.UtilityManager  - Going to process Intregn::1203552
DEBUG   2016-11-23 14:36:31,996 [main] MadridImageUploadUtility.UtilityManager  - This intregn::1203552::is not present in database hence processing next intregn
DEBUG   2016-11-23 14:36:31,996 [main] MadridImageUploadUtility.UtilityManager  - =================================
DEBUG   2016-11-23 14:36:31,996 [main] MadridImageUploadUtility.UtilityManager  - Going to process Intregn::1199995
DEBUG   2016-11-23 14:36:31,997 [main] MadridImageUploadUtility.UtilityManager  - This intregn::1199995::is not present in database hence processing next intregn
DEBUG   2016-11-23 14:36:31,997 [main] MadridImageUploadUtility.UtilityManager  - =================================
DEBUG   2016-11-23 14:36:31,997 [main] MadridImageUploadUtility.UtilityManager  - Going to process Intregn::1200348
DEBUG   2016-11-23 14:36:31,998 [main] MadridImageUploadUtility.UtilityManager  - This intregn::1200348::is not present in database hence processing next intregn
DEBUG   2016-11-23 14:36:31,998 [main] MadridImageUploadUtility.UtilityManager  - =================================
DEBUG   2016-11-23 14:36:31,998 [main] MadridImageUploadUtility.UtilityManager  - Going to process Intregn::1199544
DEBUG   2016-11-23 14:36:31,999 [main] MadridImageUploadUtility.UtilityManager  - This intregn::1199544::is not present in database hence processing next intregn
DEBUG   2016-11-23 14:36:31,999 [main] MadridImageUploadUtility.UtilityManager  - =================================
DEBUG   2016-11-23 14:36:31,999 [main] MadridImageUploadUtility.UtilityManager  - Going to process Intregn::1200887
DEBUG   2016-11-23 14:36:32,000 [main] MadridImageUploadUtility.UtilityManager  - This intregn::1200887::is not present in database hence processing next intregn
DEBUG   2016-11-23 14:36:32,000 [main] MadridImageUploadUtility.UtilityManager  - =================================
DEBUG   2016-11-23 14:36:32,000 [main] MadridImageUploadUtility.UtilityManager  - Going to process Intregn::1199328
DEBUG   2016-11-23 14:36:32,001 [main] MadridImageUploadUtility.UtilityManager  - This intregn::1199328::is not present in database hence processing next intregn
DEBUG   2016-11-23 14:36:32,001 [main] MadridImageUploadUtility.UtilityManager  - =================================
DEBUG   2016-11-23 14:36:32,001 [main] MadridImageUploadUtility.UtilityManager  - Going to process Intregn::1177330
DEBUG   2016-11-23 14:36:32,002 [main] MadridImageUploadUtility.UtilityManager  - This intregn::1177330::is not present in database hence processing next intregn
DEBUG   2016-11-23 14:36:32,002 [main] MadridImageUploadUtility.UtilityManager  - =================================
DEBUG   2016-11-23 14:36:32,002 [main] MadridImageUploadUtility.UtilityManager  - Going to process Intregn::1201155
DEBUG   2016-11-23 14:36:32,003 [main] MadridImageUploadUtility.UtilityManager  - This intregn::1201155::is not present in database hence processing next intregn
DEBUG   2016-11-23 14:36:32,004 [main] MadridImageUploadUtility.UtilityManager  - =================================
DEBUG   2016-11-23 14:36:32,004 [main] MadridImageUploadUtility.UtilityManager  - Going to process Intregn::1201254
DEBUG   2016-11-23 14:36:32,005 [main] MadridImageUploadUtility.UtilityManager  - This intregn::1201254::is not present in database hence processing next intregn
DEBUG   2016-11-23 14:36:32,005 [main] MadridImageUploadUtility.UtilityManager  - =================================
DEBUG   2016-11-23 14:36:32,005 [main] MadridImageUploadUtility.UtilityManager  - Going to process Intregn::1198486
DEBUG   2016-11-23 14:36:32,006 [main] MadridImageUploadUtility.UtilityManager  - This intregn::1198486::is not present in database hence processing next intregn
DEBUG   2016-11-23 14:36:32,006 [main] MadridImageUploadUtility.UtilityManager  - =================================
DEBUG   2016-11-23 14:36:32,006 [main] MadridImageUploadUtility.UtilityManager  - Going to process Intregn::1198070
DEBUG   2016-11-23 14:36:32,007 [main] MadridImageUploadUtility.UtilityManager  - This intregn::1198070::is not present in database hence processing next intregn
DEBUG   2016-11-23 14:36:32,007 [main] MadridImageUploadUtility.UtilityManager  - =================================
DEBUG   2016-11-23 14:36:32,007 [main] MadridImageUploadUtility.UtilityManager  - Going to process Intregn::1021910
DEBUG   2016-11-23 14:36:32,008 [main] MadridImageUploadUtility.UtilityManager  - This intregn::1021910::is not present in database hence processing next intregn
DEBUG   2016-11-23 14:36:32,008 [main] MadridImageUploadUtility.UtilityManager  - =================================
DEBUG   2016-11-23 14:36:32,008 [main] MadridImageUploadUtility.UtilityManager  - Going to process Intregn::1254166
DEBUG   2016-11-23 14:36:32,009 [main] MadridImageUploadUtility.UtilityManager  - This intregn::1254166::is not present in database hence processing next intregn
DEBUG   2016-11-23 14:36:32,009 [main] MadridImageUploadUtility.UtilityManager  - =================================
DEBUG   2016-11-23 14:36:32,009 [main] MadridImageUploadUtility.UtilityManager  - Going to process Intregn::1149716
DEBUG   2016-11-23 14:36:32,010 [main] MadridImageUploadUtility.UtilityManager  - This intregn::1149716::is not present in database hence processing next intregn
DEBUG   2016-11-23 14:36:32,010 [main] MadridImageUploadUtility.UtilityManager  - =================================
DEBUG   2016-11-23 14:36:32,010 [main] MadridImageUploadUtility.UtilityManager  - Going to process Intregn::1199428
DEBUG   2016-11-23 14:36:32,011 [main] MadridImageUploadUtility.UtilityManager  - This intregn::1199428::is not present in database hence processing next intregn
DEBUG   2016-11-23 14:36:32,011 [main] MadridImageUploadUtility.UtilityManager  - =================================
DEBUG   2016-11-23 14:36:32,011 [main] MadridImageUploadUtility.UtilityManager  - Going to process Intregn::1254258
DEBUG   2016-11-23 14:36:32,012 [main] MadridImageUploadUtility.UtilityManager  - This intregn::1254258::is not present in database hence processing next intregn
DEBUG   2016-11-23 14:36:32,012 [main] MadridImageUploadUtility.UtilityManager  - =================================
DEBUG   2016-11-23 14:36:32,012 [main] MadridImageUploadUtility.UtilityManager  - Going to process Intregn::0832986
DEBUG   2016-11-23 14:36:32,013 [main] MadridImageUploadUtility.UtilityManager  - This intregn::0832986::is not present in database hence processing next intregn
DEBUG   2016-11-23 14:36:32,013 [main] MadridImageUploadUtility.UtilityManager  - =================================
DEBUG   2016-11-23 14:36:32,013 [main] MadridImageUploadUtility.UtilityManager  - Going to process Intregn::1198672
DEBUG   2016-11-23 14:36:32,014 [main] MadridImageUploadUtility.UtilityManager  - This intregn::1198672::is not present in database hence processing next intregn
DEBUG   2016-11-23 14:36:32,014 [main] MadridImageUploadUtility.UtilityManager  - =================================
DEBUG   2016-11-23 14:36:32,014 [main] MadridImageUploadUtility.UtilityManager  - Going to process Intregn::1202488
DEBUG   2016-11-23 14:36:32,014 [main] MadridImageUploadUtility.UtilityManager  - This intregn::1202488::is not present in database hence processing next intregn
DEBUG   2016-11-23 14:36:32,014 [main] MadridImageUploadUtility.UtilityManager  - =================================
DEBUG   2016-11-23 14:36:32,014 [main] MadridImageUploadUtility.UtilityManager  - Going to process Intregn::1201044
DEBUG   2016-11-23 14:36:32,015 [main] MadridImageUploadUtility.UtilityManager  - This intregn::1201044::is not present in database hence processing next intregn
DEBUG   2016-11-23 14:36:32,015 [main] MadridImageUploadUtility.UtilityManager  - =================================
DEBUG   2016-11-23 14:36:32,015 [main] MadridImageUploadUtility.UtilityManager  - Going to process Intregn::0789395
DEBUG   2016-11-23 14:36:32,016 [main] MadridImageUploadUtility.UtilityManager  - This intregn::0789395::is not present in database hence processing next intregn
DEBUG   2016-11-23 14:36:32,016 [main] MadridImageUploadUtility.UtilityManager  - =================================
DEBUG   2016-11-23 14:36:32,016 [main] MadridImageUploadUtility.UtilityManager  - Going to process Intregn::1200409
DEBUG   2016-11-23 14:36:32,017 [main] MadridImageUploadUtility.UtilityManager  - This intregn::1200409::is not present in database hence processing next intregn
DEBUG   2016-11-23 14:36:32,017 [main] MadridImageUploadUtility.UtilityManager  - =================================
DEBUG   2016-11-23 14:36:32,017 [main] MadridImageUploadUtility.UtilityManager  - Going to process Intregn::0453539
DEBUG   2016-11-23 14:36:32,018 [main] MadridImageUploadUtility.UtilityManager  - This intregn::0453539::is not present in database hence processing next intregn
DEBUG   2016-11-23 14:36:32,018 [main] MadridImageUploadUtility.UtilityManager  - =================================
DEBUG   2016-11-23 14:36:32,018 [main] MadridImageUploadUtility.UtilityManager  - Going to process Intregn::1054015
DEBUG   2016-11-23 14:36:32,019 [main] MadridImageUploadUtility.UtilityManager  - This intregn::1054015::is not present in database hence processing next intregn
DEBUG   2016-11-23 14:36:32,019 [main] MadridImageUploadUtility.UtilityManager  - =================================
DEBUG   2016-11-23 14:36:32,019 [main] MadridImageUploadUtility.UtilityManager  - Going to process Intregn::0824107
DEBUG   2016-11-23 14:36:32,020 [main] MadridImageUploadUtility.UtilityManager  - This intregn::0824107::is not present in database hence processing next intregn
DEBUG   2016-11-23 14:36:32,020 [main] MadridImageUploadUtility.UtilityManager  - =================================
DEBUG   2016-11-23 14:36:32,020 [main] MadridImageUploadUtility.UtilityManager  - Going to process Intregn::0697541
DEBUG   2016-11-23 14:36:32,021 [main] MadridImageUploadUtility.UtilityManager  - This intregn::0697541::is not present in database hence processing next intregn
DEBUG   2016-11-23 14:36:32,021 [main] MadridImageUploadUtility.UtilityManager  - =================================
DEBUG   2016-11-23 14:36:32,021 [main] MadridImageUploadUtility.UtilityManager  - Going to process Intregn::1200337
DEBUG   2016-11-23 14:36:32,021 [main] MadridImageUploadUtility.UtilityManager  - This intregn::1200337::is not present in database hence processing next intregn
DEBUG   2016-11-23 14:36:32,021 [main] MadridImageUploadUtility.UtilityManager  - =================================
DEBUG   2016-11-23 14:36:32,022 [main] MadridImageUploadUtility.UtilityManager  - Going to process Intregn::0604810
DEBUG   2016-11-23 14:36:32,022 [main] MadridImageUploadUtility.UtilityManager  - This intregn::0604810::is not present in database hence processing next intregn
DEBUG   2016-11-23 14:36:32,022 [main] MadridImageUploadUtility.UtilityManager  - =================================
DEBUG   2016-11-23 14:36:32,022 [main] MadridImageUploadUtility.UtilityManager  - Going to process Intregn::1198083
DEBUG   2016-11-23 14:36:32,023 [main] MadridImageUploadUtility.UtilityManager  - This intregn::1198083::is not present in database hence processing next intregn
DEBUG   2016-11-23 14:36:32,023 [main] MadridImageUploadUtility.UtilityManager  - =================================
DEBUG   2016-11-23 14:36:32,023 [main] MadridImageUploadUtility.UtilityManager  - Going to process Intregn::0685941
DEBUG   2016-11-23 14:36:32,024 [main] MadridImageUploadUtility.UtilityManager  - This intregn::0685941::is not present in database hence processing next intregn
DEBUG   2016-11-23 14:36:32,024 [main] MadridImageUploadUtility.UtilityManager  - =================================
DEBUG   2016-11-23 14:36:32,024 [main] MadridImageUploadUtility.UtilityManager  - Going to process Intregn::1046219
DEBUG   2016-11-23 14:36:32,025 [main] MadridImageUploadUtility.UtilityManager  - This intregn::1046219::is not present in database hence processing next intregn
DEBUG   2016-11-23 14:36:32,025 [main] MadridImageUploadUtility.UtilityManager  - =================================
DEBUG   2016-11-23 14:36:32,025 [main] MadridImageUploadUtility.UtilityManager  - Going to process Intregn::1198893
DEBUG   2016-11-23 14:36:32,026 [main] MadridImageUploadUtility.UtilityManager  - This intregn::1198893::is not present in database hence processing next intregn
DEBUG   2016-11-23 14:36:32,026 [main] MadridImageUploadUtility.UtilityManager  - =================================
DEBUG   2016-11-23 14:36:32,026 [main] MadridImageUploadUtility.UtilityManager  - Going to process Intregn::1198008
DEBUG   2016-11-23 14:36:32,027 [main] MadridImageUploadUtility.UtilityManager  - This intregn::1198008::is not present in database hence processing next intregn
DEBUG   2016-11-23 14:36:32,027 [main] MadridImageUploadUtility.UtilityManager  - =================================
DEBUG   2016-11-23 14:36:32,027 [main] MadridImageUploadUtility.UtilityManager  - Going to process Intregn::1197969
DEBUG   2016-11-23 14:36:32,028 [main] MadridImageUploadUtility.UtilityManager  - This intregn::1197969::is not present in database hence processing next intregn
DEBUG   2016-11-23 14:36:32,028 [main] MadridImageUploadUtility.UtilityManager  - =================================
DEBUG   2016-11-23 14:36:32,028 [main] MadridImageUploadUtility.UtilityManager  - Going to process Intregn::1254206
DEBUG   2016-11-23 14:36:32,029 [main] MadridImageUploadUtility.UtilityManager  - This intregn::1254206::is not present in database hence processing next intregn
DEBUG   2016-11-23 14:36:32,029 [main] MadridImageUploadUtility.UtilityManager  - =================================
DEBUG   2016-11-23 14:36:32,029 [main] MadridImageUploadUtility.UtilityManager  - Going to process Intregn::1254346
DEBUG   2016-11-23 14:36:32,030 [main] MadridImageUploadUtility.UtilityManager  - This intregn::1254346::is not present in database hence processing next intregn
DEBUG   2016-11-23 14:36:32,030 [main] MadridImageUploadUtility.UtilityManager  - =================================
DEBUG   2016-11-23 14:36:32,030 [main] MadridImageUploadUtility.UtilityManager  - Going to process Intregn::1198370
DEBUG   2016-11-23 14:36:32,031 [main] MadridImageUploadUtility.UtilityManager  - This intregn::1198370::is not present in database hence processing next intregn
DEBUG   2016-11-23 14:36:32,031 [main] MadridImageUploadUtility.UtilityManager  - =================================
DEBUG   2016-11-23 14:36:32,031 [main] MadridImageUploadUtility.UtilityManager  - Going to process Intregn::1004972
DEBUG   2016-11-23 14:36:32,031 [main] MadridImageUploadUtility.UtilityManager  - This intregn::1004972::is not present in database hence processing next intregn
DEBUG   2016-11-23 14:36:32,031 [main] MadridImageUploadUtility.UtilityManager  - =================================
DEBUG   2016-11-23 14:36:32,031 [main] MadridImageUploadUtility.UtilityManager  - Going to process Intregn::1218042
DEBUG   2016-11-23 14:36:32,032 [main] MadridImageUploadUtility.UtilityManager  - This intregn::1218042::is not present in database hence processing next intregn
DEBUG   2016-11-23 14:36:32,032 [main] MadridImageUploadUtility.UtilityManager  - =================================
DEBUG   2016-11-23 14:36:32,032 [main] MadridImageUploadUtility.UtilityManager  - Going to process Intregn::1215731
DEBUG   2016-11-23 14:36:32,033 [main] MadridImageUploadUtility.UtilityManager  - This intregn::1215731::is not present in database hence processing next intregn
DEBUG   2016-11-23 14:36:32,033 [main] MadridImageUploadUtility.UtilityManager  - =================================
DEBUG   2016-11-23 14:36:32,033 [main] MadridImageUploadUtility.UtilityManager  - Going to process Intregn::1186532
DEBUG   2016-11-23 14:36:32,034 [main] MadridImageUploadUtility.UtilityManager  - This intregn::1186532::is not present in database hence processing next intregn
DEBUG   2016-11-23 14:36:32,034 [main] MadridImageUploadUtility.UtilityManager  - =================================
DEBUG   2016-11-23 14:36:32,034 [main] MadridImageUploadUtility.UtilityManager  - Going to process Intregn::0815866
DEBUG   2016-11-23 14:36:32,035 [main] MadridImageUploadUtility.UtilityManager  - This intregn::0815866::is not present in database hence processing next intregn
DEBUG   2016-11-23 14:36:32,035 [main] MadridImageUploadUtility.UtilityManager  - =================================
DEBUG   2016-11-23 14:36:32,035 [main] MadridImageUploadUtility.UtilityManager  - Going to process Intregn::1254277
DEBUG   2016-11-23 14:36:32,036 [main] MadridImageUploadUtility.UtilityManager  - This intregn::1254277::is not present in database hence processing next intregn
DEBUG   2016-11-23 14:36:32,036 [main] MadridImageUploadUtility.UtilityManager  - =================================
DEBUG   2016-11-23 14:36:32,036 [main] MadridImageUploadUtility.UtilityManager  - Going to process Intregn::1254278
DEBUG   2016-11-23 14:36:32,037 [main] MadridImageUploadUtility.UtilityManager  - This intregn::1254278::is not present in database hence processing next intregn
DEBUG   2016-11-23 14:36:32,037 [main] MadridImageUploadUtility.UtilityManager  - =================================
DEBUG   2016-11-23 14:36:32,037 [main] MadridImageUploadUtility.UtilityManager  - Going to process Intregn::1198601
DEBUG   2016-11-23 14:36:32,038 [main] MadridImageUploadUtility.UtilityManager  - This intregn::1198601::is not present in database hence processing next intregn
DEBUG   2016-11-23 14:36:32,038 [main] MadridImageUploadUtility.UtilityManager  - =================================
DEBUG   2016-11-23 14:36:32,038 [main] MadridImageUploadUtility.UtilityManager  - Going to process Intregn::1200036
DEBUG   2016-11-23 14:36:32,039 [main] MadridImageUploadUtility.UtilityManager  - This intregn::1200036::is not present in database hence processing next intregn
DEBUG   2016-11-23 14:36:32,039 [main] MadridImageUploadUtility.UtilityManager  - =================================
DEBUG   2016-11-23 14:36:32,039 [main] MadridImageUploadUtility.UtilityManager  - Going to process Intregn::1198816
DEBUG   2016-11-23 14:36:32,039 [main] MadridImageUploadUtility.UtilityManager  - This intregn::1198816::is not present in database hence processing next intregn
DEBUG   2016-11-23 14:36:32,040 [main] MadridImageUploadUtility.UtilityManager  - =================================
DEBUG   2016-11-23 14:36:32,040 [main] MadridImageUploadUtility.UtilityManager  - Going to process Intregn::1075225
DEBUG   2016-11-23 14:36:32,040 [main] MadridImageUploadUtility.UtilityManager  - This intregn::1075225::is not present in database hence processing next intregn
DEBUG   2016-11-23 14:36:32,040 [main] MadridImageUploadUtility.UtilityManager  - =================================
DEBUG   2016-11-23 14:36:32,040 [main] MadridImageUploadUtility.UtilityManager  - Going to process Intregn::0890222
DEBUG   2016-11-23 14:36:32,041 [main] MadridImageUploadUtility.UtilityManager  - This intregn::0890222::is not present in database hence processing next intregn
DEBUG   2016-11-23 14:36:32,041 [main] MadridImageUploadUtility.UtilityManager  - =================================
DEBUG   2016-11-23 14:36:32,041 [main] MadridImageUploadUtility.UtilityManager  - Going to process Intregn::1198509
DEBUG   2016-11-23 14:36:32,042 [main] MadridImageUploadUtility.UtilityManager  - This intregn::1198509::is not present in database hence processing next intregn
DEBUG   2016-11-23 14:36:32,042 [main] MadridImageUploadUtility.UtilityManager  - =================================
DEBUG   2016-11-23 14:36:32,042 [main] MadridImageUploadUtility.UtilityManager  - Going to process Intregn::1198467
DEBUG   2016-11-23 14:36:32,043 [main] MadridImageUploadUtility.UtilityManager  - This intregn::1198467::is not present in database hence processing next intregn
DEBUG   2016-11-23 14:36:32,043 [main] MadridImageUploadUtility.UtilityManager  - =================================
DEBUG   2016-11-23 14:36:32,043 [main] MadridImageUploadUtility.UtilityManager  - Going to process Intregn::1114036
DEBUG   2016-11-23 14:36:32,044 [main] MadridImageUploadUtility.UtilityManager  - This intregn::1114036::is not present in database hence processing next intregn
DEBUG   2016-11-23 14:36:32,044 [main] MadridImageUploadUtility.UtilityManager  - =================================
DEBUG   2016-11-23 14:36:32,044 [main] MadridImageUploadUtility.UtilityManager  - Going to process Intregn::1114037
DEBUG   2016-11-23 14:36:32,045 [main] MadridImageUploadUtility.UtilityManager  - This intregn::1114037::is not present in database hence processing next intregn
DEBUG   2016-11-23 14:36:32,045 [main] MadridImageUploadUtility.UtilityManager  - =================================
DEBUG   2016-11-23 14:36:32,045 [main] MadridImageUploadUtility.UtilityManager  - Going to process Intregn::1198154
DEBUG   2016-11-23 14:36:32,045 [main] MadridImageUploadUtility.UtilityManager  - This intregn::1198154::is not present in database hence processing next intregn
DEBUG   2016-11-23 14:36:32,045 [main] MadridImageUploadUtility.UtilityManager  - =================================
DEBUG   2016-11-23 14:36:32,045 [main] MadridImageUploadUtility.UtilityManager  - Going to process Intregn::1199746
DEBUG   2016-11-23 14:36:32,046 [main] MadridImageUploadUtility.UtilityManager  - This intregn::1199746::is not present in database hence processing next intregn
DEBUG   2016-11-23 14:36:32,046 [main] MadridImageUploadUtility.UtilityManager  - =================================
DEBUG   2016-11-23 14:36:32,046 [main] MadridImageUploadUtility.UtilityManager  - Going to process Intregn::1254281
DEBUG   2016-11-23 14:36:32,047 [main] MadridImageUploadUtility.UtilityManager  - This intregn::1254281::is not present in database hence processing next intregn
DEBUG   2016-11-23 14:36:32,047 [main] MadridImageUploadUtility.UtilityManager  - =================================
DEBUG   2016-11-23 14:36:32,047 [main] MadridImageUploadUtility.UtilityManager  - Going to process Intregn::1199744
DEBUG   2016-11-23 14:36:32,048 [main] MadridImageUploadUtility.UtilityManager  - This intregn::1199744::is not present in database hence processing next intregn
DEBUG   2016-11-23 14:36:32,048 [main] MadridImageUploadUtility.UtilityManager  - =================================
DEBUG   2016-11-23 14:36:32,048 [main] MadridImageUploadUtility.UtilityManager  - Going to process Intregn::0589087
DEBUG   2016-11-23 14:36:32,049 [main] MadridImageUploadUtility.UtilityManager  - This intregn::0589087::is not present in database hence processing next intregn
DEBUG   2016-11-23 14:36:32,049 [main] MadridImageUploadUtility.UtilityManager  - =================================
DEBUG   2016-11-23 14:36:32,049 [main] MadridImageUploadUtility.UtilityManager  - Going to process Intregn::1198417
DEBUG   2016-11-23 14:36:32,050 [main] MadridImageUploadUtility.UtilityManager  - This intregn::1198417::is not present in database hence processing next intregn
DEBUG   2016-11-23 14:36:32,050 [main] MadridImageUploadUtility.UtilityManager  - =================================
DEBUG   2016-11-23 14:36:32,050 [main] MadridImageUploadUtility.UtilityManager  - Going to process Intregn::1197789
DEBUG   2016-11-23 14:36:32,050 [main] MadridImageUploadUtility.UtilityManager  - This intregn::1197789::is not present in database hence processing next intregn
DEBUG   2016-11-23 14:36:32,050 [main] MadridImageUploadUtility.UtilityManager  - =================================
DEBUG   2016-11-23 14:36:32,051 [main] MadridImageUploadUtility.UtilityManager  - Going to process Intregn::1198787
DEBUG   2016-11-23 14:36:32,051 [main] MadridImageUploadUtility.UtilityManager  - This intregn::1198787::is not present in database hence processing next intregn
DEBUG   2016-11-23 14:36:32,051 [main] MadridImageUploadUtility.UtilityManager  - =================================
DEBUG   2016-11-23 14:36:32,051 [main] MadridImageUploadUtility.UtilityManager  - Going to process Intregn::1198414
DEBUG   2016-11-23 14:36:32,052 [main] MadridImageUploadUtility.UtilityManager  - This intregn::1198414::is not present in database hence processing next intregn
DEBUG   2016-11-23 14:36:32,052 [main] MadridImageUploadUtility.UtilityManager  - =================================
DEBUG   2016-11-23 14:36:32,052 [main] MadridImageUploadUtility.UtilityManager  - Going to process Intregn::0492223
DEBUG   2016-11-23 14:36:32,053 [main] MadridImageUploadUtility.UtilityManager  - This intregn::0492223::is not present in database hence processing next intregn
DEBUG   2016-11-23 14:36:32,053 [main] MadridImageUploadUtility.UtilityManager  - =================================
DEBUG   2016-11-23 14:36:32,053 [main] MadridImageUploadUtility.UtilityManager  - Going to process Intregn::1254080
DEBUG   2016-11-23 14:36:32,054 [main] MadridImageUploadUtility.UtilityManager  - This intregn::1254080::is not present in database hence processing next intregn
DEBUG   2016-11-23 14:36:32,054 [main] MadridImageUploadUtility.UtilityManager  - =================================
DEBUG   2016-11-23 14:36:32,054 [main] MadridImageUploadUtility.UtilityManager  - Going to process Intregn::1198616
DEBUG   2016-11-23 14:36:32,055 [main] MadridImageUploadUtility.UtilityManager  - This intregn::1198616::is not present in database hence processing next intregn
DEBUG   2016-11-23 14:36:32,055 [main] MadridImageUploadUtility.UtilityManager  - =================================
DEBUG   2016-11-23 14:36:32,055 [main] MadridImageUploadUtility.UtilityManager  - Going to process Intregn::1025318
DEBUG   2016-11-23 14:36:32,055 [main] MadridImageUploadUtility.UtilityManager  - This intregn::1025318::is not present in database hence processing next intregn
DEBUG   2016-11-23 14:36:32,055 [main] MadridImageUploadUtility.UtilityManager  - =================================
DEBUG   2016-11-23 14:36:32,056 [main] MadridImageUploadUtility.UtilityManager  - Going to process Intregn::1200255
DEBUG   2016-11-23 14:36:32,056 [main] MadridImageUploadUtility.UtilityManager  - This intregn::1200255::is not present in database hence processing next intregn
DEBUG   2016-11-23 14:36:32,056 [main] MadridImageUploadUtility.UtilityManager  - =================================
DEBUG   2016-11-23 14:36:32,056 [main] MadridImageUploadUtility.UtilityManager  - Going to process Intregn::1199280
DEBUG   2016-11-23 14:36:32,057 [main] MadridImageUploadUtility.UtilityManager  - This intregn::1199280::is not present in database hence processing next intregn
DEBUG   2016-11-23 14:36:32,057 [main] MadridImageUploadUtility.UtilityManager  - =================================
DEBUG   2016-11-23 14:36:32,057 [main] MadridImageUploadUtility.UtilityManager  - Going to process Intregn::1199611
DEBUG   2016-11-23 14:36:32,058 [main] MadridImageUploadUtility.UtilityManager  - This intregn::1199611::is not present in database hence processing next intregn
DEBUG   2016-11-23 14:36:32,058 [main] MadridImageUploadUtility.UtilityManager  - =================================
DEBUG   2016-11-23 14:36:32,058 [main] MadridImageUploadUtility.UtilityManager  - Going to process Intregn::1199356
DEBUG   2016-11-23 14:36:32,059 [main] MadridImageUploadUtility.UtilityManager  - This intregn::1199356::is not present in database hence processing next intregn
DEBUG   2016-11-23 14:36:32,059 [main] MadridImageUploadUtility.UtilityManager  - =================================
DEBUG   2016-11-23 14:36:32,059 [main] MadridImageUploadUtility.UtilityManager  - Going to process Intregn::1199357
DEBUG   2016-11-23 14:36:32,060 [main] MadridImageUploadUtility.UtilityManager  - This intregn::1199357::is not present in database hence processing next intregn
DEBUG   2016-11-23 14:36:32,060 [main] MadridImageUploadUtility.UtilityManager  - =================================
DEBUG   2016-11-23 14:36:32,060 [main] MadridImageUploadUtility.UtilityManager  - Going to process Intregn::1201208
DEBUG   2016-11-23 14:36:32,060 [main] MadridImageUploadUtility.UtilityManager  - This intregn::1201208::is not present in database hence processing next intregn
DEBUG   2016-11-23 14:36:32,060 [main] MadridImageUploadUtility.UtilityManager  - =================================
DEBUG   2016-11-23 14:36:32,060 [main] MadridImageUploadUtility.UtilityManager  - Going to process Intregn::1201180
DEBUG   2016-11-23 14:36:32,061 [main] MadridImageUploadUtility.UtilityManager  - This intregn::1201180::is not present in database hence processing next intregn
DEBUG   2016-11-23 14:36:32,061 [main] MadridImageUploadUtility.UtilityManager  - =================================
DEBUG   2016-11-23 14:36:32,061 [main] MadridImageUploadUtility.UtilityManager  - Going to process Intregn::1124476
DEBUG   2016-11-23 14:36:32,062 [main] MadridImageUploadUtility.UtilityManager  - This intregn::1124476::is not present in database hence processing next intregn
DEBUG   2016-11-23 14:36:32,062 [main] MadridImageUploadUtility.UtilityManager  - =================================
DEBUG   2016-11-23 14:36:32,062 [main] MadridImageUploadUtility.UtilityManager  - Going to process Intregn::1199618
DEBUG   2016-11-23 14:36:32,068 [main] MadridImageUploadUtility.UtilityManager  - This intregn::1199618::is not present in database hence processing next intregn
DEBUG   2016-11-23 14:36:32,068 [main] MadridImageUploadUtility.UtilityManager  - =================================
DEBUG   2016-11-23 14:36:32,068 [main] MadridImageUploadUtility.UtilityManager  - Going to process Intregn::1200586
DEBUG   2016-11-23 14:36:32,069 [main] MadridImageUploadUtility.UtilityManager  - This intregn::1200586::is not present in database hence processing next intregn
DEBUG   2016-11-23 14:36:32,069 [main] MadridImageUploadUtility.UtilityManager  - =================================
DEBUG   2016-11-23 14:36:32,069 [main] MadridImageUploadUtility.UtilityManager  - Going to process Intregn::1254293
DEBUG   2016-11-23 14:36:32,070 [main] MadridImageUploadUtility.UtilityManager  - This intregn::1254293::is not present in database hence processing next intregn
DEBUG   2016-11-23 14:36:32,070 [main] MadridImageUploadUtility.UtilityManager  - =================================
DEBUG   2016-11-23 14:36:32,070 [main] MadridImageUploadUtility.UtilityManager  - Going to process Intregn::1198428
DEBUG   2016-11-23 14:36:32,071 [main] MadridImageUploadUtility.UtilityManager  - This intregn::1198428::is not present in database hence processing next intregn
DEBUG   2016-11-23 14:36:32,071 [main] MadridImageUploadUtility.UtilityManager  - =================================
DEBUG   2016-11-23 14:36:32,071 [main] MadridImageUploadUtility.UtilityManager  - Going to process Intregn::0893427
DEBUG   2016-11-23 14:36:32,072 [main] MadridImageUploadUtility.UtilityManager  - This intregn::0893427::is not present in database hence processing next intregn
DEBUG   2016-11-23 14:36:32,072 [main] MadridImageUploadUtility.UtilityManager  - =================================
DEBUG   2016-11-23 14:36:32,072 [main] MadridImageUploadUtility.UtilityManager  - Going to process Intregn::1201203
DEBUG   2016-11-23 14:36:32,073 [main] MadridImageUploadUtility.UtilityManager  - This intregn::1201203::is not present in database hence processing next intregn
DEBUG   2016-11-23 14:36:32,073 [main] MadridImageUploadUtility.UtilityManager  - =================================
DEBUG   2016-11-23 14:36:32,073 [main] MadridImageUploadUtility.UtilityManager  - Going to process Intregn::1201186
DEBUG   2016-11-23 14:36:32,074 [main] MadridImageUploadUtility.UtilityManager  - This intregn::1201186::is not present in database hence processing next intregn
DEBUG   2016-11-23 14:36:32,074 [main] MadridImageUploadUtility.UtilityManager  - =================================
DEBUG   2016-11-23 14:36:32,074 [main] MadridImageUploadUtility.UtilityManager  - Going to process Intregn::1199808
DEBUG   2016-11-23 14:36:32,074 [main] MadridImageUploadUtility.UtilityManager  - This intregn::1199808::is not present in database hence processing next intregn
DEBUG   2016-11-23 14:36:32,074 [main] MadridImageUploadUtility.UtilityManager  - =================================
DEBUG   2016-11-23 14:36:32,074 [main] MadridImageUploadUtility.UtilityManager  - Going to process Intregn::1200449
DEBUG   2016-11-23 14:36:32,075 [main] MadridImageUploadUtility.UtilityManager  - This intregn::1200449::is not present in database hence processing next intregn
DEBUG   2016-11-23 14:36:32,075 [main] MadridImageUploadUtility.UtilityManager  - =================================
DEBUG   2016-11-23 14:36:32,075 [main] MadridImageUploadUtility.UtilityManager  - Going to process Intregn::1200840
DEBUG   2016-11-23 14:36:32,076 [main] MadridImageUploadUtility.UtilityManager  - This intregn::1200840::is not present in database hence processing next intregn
DEBUG   2016-11-23 14:36:32,076 [main] MadridImageUploadUtility.UtilityManager  - =================================
DEBUG   2016-11-23 14:36:32,076 [main] MadridImageUploadUtility.UtilityManager  - Going to process Intregn::1254190
DEBUG   2016-11-23 14:36:32,077 [main] MadridImageUploadUtility.UtilityManager  - This intregn::1254190::is not present in database hence processing next intregn
DEBUG   2016-11-23 14:36:32,077 [main] MadridImageUploadUtility.UtilityManager  - =================================
DEBUG   2016-11-23 14:36:32,077 [main] MadridImageUploadUtility.UtilityManager  - Going to process Intregn::1199955
DEBUG   2016-11-23 14:36:32,078 [main] MadridImageUploadUtility.UtilityManager  - This intregn::1199955::is not present in database hence processing next intregn
DEBUG   2016-11-23 14:36:32,078 [main] MadridImageUploadUtility.UtilityManager  - =================================
DEBUG   2016-11-23 14:36:32,078 [main] MadridImageUploadUtility.UtilityManager  - Going to process Intregn::1199500
DEBUG   2016-11-23 14:36:32,079 [main] MadridImageUploadUtility.UtilityManager  - This intregn::1199500::is not present in database hence processing next intregn
DEBUG   2016-11-23 14:36:32,079 [main] MadridImageUploadUtility.UtilityManager  - =================================
DEBUG   2016-11-23 14:36:32,079 [main] MadridImageUploadUtility.UtilityManager  - Going to process Intregn::1039406
DEBUG   2016-11-23 14:36:32,081 [main] MadridImageUploadUtility.UtilityManager  - This intregn::1039406::is not present in database hence processing next intregn
DEBUG   2016-11-23 14:36:32,081 [main] MadridImageUploadUtility.UtilityManager  - =================================
DEBUG   2016-11-23 14:36:32,081 [main] MadridImageUploadUtility.UtilityManager  - Going to process Intregn::1062325
DEBUG   2016-11-23 14:36:32,082 [main] MadridImageUploadUtility.UtilityManager  - This intregn::1062325::is not present in database hence processing next intregn
DEBUG   2016-11-23 14:36:32,082 [main] MadridImageUploadUtility.UtilityManager  - =================================
DEBUG   2016-11-23 14:36:32,082 [main] MadridImageUploadUtility.UtilityManager  - Going to process Intregn::1199779
DEBUG   2016-11-23 14:36:32,083 [main] MadridImageUploadUtility.UtilityManager  - This intregn::1199779::is not present in database hence processing next intregn
DEBUG   2016-11-23 14:36:32,083 [main] MadridImageUploadUtility.UtilityManager  - =================================
DEBUG   2016-11-23 14:36:32,083 [main] MadridImageUploadUtility.UtilityManager  - Going to process Intregn::1159878
DEBUG   2016-11-23 14:36:32,083 [main] MadridImageUploadUtility.UtilityManager  - This intregn::1159878::is not present in database hence processing next intregn
DEBUG   2016-11-23 14:36:32,083 [main] MadridImageUploadUtility.UtilityManager  - =================================
DEBUG   2016-11-23 14:36:32,083 [main] MadridImageUploadUtility.UtilityManager  - Going to process Intregn::1062326
DEBUG   2016-11-23 14:36:32,084 [main] MadridImageUploadUtility.UtilityManager  - This intregn::1062326::is not present in database hence processing next intregn
DEBUG   2016-11-23 14:36:32,084 [main] MadridImageUploadUtility.UtilityManager  - =================================
DEBUG   2016-11-23 14:36:32,084 [main] MadridImageUploadUtility.UtilityManager  - Going to process Intregn::0785924
DEBUG   2016-11-23 14:36:32,085 [main] MadridImageUploadUtility.UtilityManager  - This intregn::0785924::is not present in database hence processing next intregn
DEBUG   2016-11-23 14:36:32,085 [main] MadridImageUploadUtility.UtilityManager  - =================================
DEBUG   2016-11-23 14:36:32,085 [main] MadridImageUploadUtility.UtilityManager  - Going to process Intregn::1027618
DEBUG   2016-11-23 14:36:32,086 [main] MadridImageUploadUtility.UtilityManager  - This intregn::1027618::is not present in database hence processing next intregn
DEBUG   2016-11-23 14:36:32,086 [main] MadridImageUploadUtility.UtilityManager  - =================================
DEBUG   2016-11-23 14:36:32,086 [main] MadridImageUploadUtility.UtilityManager  - Going to process Intregn::1200161
DEBUG   2016-11-23 14:36:32,087 [main] MadridImageUploadUtility.UtilityManager  - This intregn::1200161::is not present in database hence processing next intregn
DEBUG   2016-11-23 14:36:32,087 [main] MadridImageUploadUtility.UtilityManager  - =================================
DEBUG   2016-11-23 14:36:32,087 [main] MadridImageUploadUtility.UtilityManager  - Going to process Intregn::1254317
DEBUG   2016-11-23 14:36:32,088 [main] MadridImageUploadUtility.UtilityManager  - This intregn::1254317::is not present in database hence processing next intregn
DEBUG   2016-11-23 14:36:32,088 [main] MadridImageUploadUtility.UtilityManager  - =================================
DEBUG   2016-11-23 14:36:32,088 [main] MadridImageUploadUtility.UtilityManager  - Going to process Intregn::1199762
DEBUG   2016-11-23 14:36:32,089 [main] MadridImageUploadUtility.UtilityManager  - This intregn::1199762::is not present in database hence processing next intregn
DEBUG   2016-11-23 14:36:32,089 [main] MadridImageUploadUtility.UtilityManager  - =================================
DEBUG   2016-11-23 14:36:32,089 [main] MadridImageUploadUtility.UtilityManager  - Going to process Intregn::1197834
DEBUG   2016-11-23 14:36:32,090 [main] MadridImageUploadUtility.UtilityManager  - This intregn::1197834::is not present in database hence processing next intregn
DEBUG   2016-11-23 14:36:32,090 [main] MadridImageUploadUtility.UtilityManager  - =================================
DEBUG   2016-11-23 14:36:32,090 [main] MadridImageUploadUtility.UtilityManager  - Going to process Intregn::1200574
DEBUG   2016-11-23 14:36:32,091 [main] MadridImageUploadUtility.UtilityManager  - This intregn::1200574::is not present in database hence processing next intregn
DEBUG   2016-11-23 14:36:32,091 [main] MadridImageUploadUtility.UtilityManager  - =================================
DEBUG   2016-11-23 14:36:32,091 [main] MadridImageUploadUtility.UtilityManager  - Going to process Intregn::1254217
DEBUG   2016-11-23 14:36:32,091 [main] MadridImageUploadUtility.UtilityManager  - This intregn::1254217::is not present in database hence processing next intregn
DEBUG   2016-11-23 14:36:32,092 [main] MadridImageUploadUtility.UtilityManager  - =================================
DEBUG   2016-11-23 14:36:32,092 [main] MadridImageUploadUtility.UtilityManager  - Going to process Intregn::1200635
DEBUG   2016-11-23 14:36:32,092 [main] MadridImageUploadUtility.UtilityManager  - This intregn::1200635::is not present in database hence processing next intregn
DEBUG   2016-11-23 14:36:32,092 [main] MadridImageUploadUtility.UtilityManager  - =================================
DEBUG   2016-11-23 14:36:32,092 [main] MadridImageUploadUtility.UtilityManager  - Going to process Intregn::1199460
DEBUG   2016-11-23 14:36:32,093 [main] MadridImageUploadUtility.UtilityManager  - This intregn::1199460::is not present in database hence processing next intregn
DEBUG   2016-11-23 14:36:32,093 [main] MadridImageUploadUtility.UtilityManager  - =================================
DEBUG   2016-11-23 14:36:32,093 [main] MadridImageUploadUtility.UtilityManager  - Going to process Intregn::1138116
DEBUG   2016-11-23 14:36:32,094 [main] MadridImageUploadUtility.UtilityManager  - This intregn::1138116::is not present in database hence processing next intregn
DEBUG   2016-11-23 14:36:32,094 [main] MadridImageUploadUtility.UtilityManager  - =================================
DEBUG   2016-11-23 14:36:32,094 [main] MadridImageUploadUtility.UtilityManager  - Going to process Intregn::1232489
DEBUG   2016-11-23 14:36:32,095 [main] MadridImageUploadUtility.UtilityManager  - This intregn::1232489::is not present in database hence processing next intregn
DEBUG   2016-11-23 14:36:32,095 [main] MadridImageUploadUtility.UtilityManager  - =================================
DEBUG   2016-11-23 14:36:32,095 [main] MadridImageUploadUtility.UtilityManager  - Going to process Intregn::1166386
DEBUG   2016-11-23 14:36:32,096 [main] MadridImageUploadUtility.UtilityManager  - This intregn::1166386::is not present in database hence processing next intregn
DEBUG   2016-11-23 14:36:32,096 [main] MadridImageUploadUtility.UtilityManager  - ##########################
DEBUG   2016-11-23 14:36:32,096 [main] MadridImageUploadUtility.UtilityManager  - ##########################
DEBUG   2016-11-23 14:36:32,096 [main] MadridImageUploadUtility.UtilityManager  - Intregn  are not present in database for following FILE::
DEBUG   2016-11-23 14:36:32,096 [main] MadridImageUploadUtility.UtilityManager  - [1197827, 1199432, 1199560, 1196482, 1253575, 1253802, 1175736, 1201262, 1198104, 0874009, 1199661, 1199669, 1200324, 1199970, 1158170, 1200144, 1254047, 1201132, 1200819, 0647429, 1254236, 1203460, 1048515, 0633781, 0171595, 0920610, 1201084, 1199033, 1201082, 1201065, 1200998, 0816228, 1062202, 1200896, 0676726, 1254448, 1199247, 0888376, 1199911, 1200097, 1194843, 1199491, 1194743, 0814768, 0563651, 1205881, 1199499, 1254151, 1194940, 1199498, 1253899, 1198492, 1156080, 1203552, 1199995, 1200348, 1199544, 1200887, 1199328, 1177330, 1201155, 1201254, 1198486, 1198070, 1021910, 1254166, 1149716, 1199428, 1254258, 0832986, 1198672, 1202488, 1201044, 0789395, 1200409, 0453539, 1054015, 0824107, 0697541, 1200337, 0604810, 1198083, 0685941, 1046219, 1198893, 1198008, 1197969, 1254206, 1254346, 1198370, 1004972, 1218042, 1215731, 1186532, 0815866, 1254277, 1254278, 1198601, 1200036, 1198816, 1075225, 0890222, 1198509, 1198467, 1114036, 1114037, 1198154, 1199746, 1254281, 1199744, 0589087, 1198417, 1197789, 1198787, 1198414, 0492223, 1254080, 1198616, 1025318, 1200255, 1199280, 1199611, 1199356, 1199357, 1201208, 1201180, 1124476, 1199618, 1200586, 1254293, 1198428, 0893427, 1201203, 1201186, 1199808, 1200449, 1200840, 1254190, 1199955, 1199500, 1039406, 1062325, 1199779, 1159878, 1062326, 0785924, 1027618, 1200161, 1254317, 1199762, 1197834, 1200574, 1254217, 1200635, 1199460, 1138116, 1232489, 1166386]
DEBUG   2016-11-23 14:36:32,096 [main] MadridImageUploadUtility.UtilityManager  - ##########################
DEBUG   2016-11-23 14:36:32,096 [main] MadridImageUploadUtility.UtilityManager  - Processing Completed!!!
DEBUG   2016-11-23 14:36:32,096 [main] MadridImageUploadUtility.UtilityManager  - Please check processed details in log file generated in MadridImageUploadUtility folder
DEBUG   2016-11-23 14:36:32,096 [main] MadridImageUploadUtility.UtilityManager  - Closing database connection..........!!
DEBUG   2016-11-23 14:36:32,097 [main] MadridImageUploadUtility.UtilityManager  - Database connection closed..........!!
INFO    2016-11-23 14:36:32,097 [main] MadridImageUploadUtility.UtilityManager  - Processing Completed.......................!!!
INFO    2016-11-23 14:36:32,097 [main] MadridImageUploadUtility.UtilityManager  - =================================================
INFO    2016-11-23 14:36:32,097 [main] MadridImageUploadUtility.UtilityManager  - Please check processed details in log file generated in log folder
INFO    2016-11-23 14:36:32,097 [main] MadridImageUploadUtility.UtilityManager  - ********************************************************
